U2FsdGVkX1890qDeO2drZqjgkZ5LVClJKhqW1uCoxD7LNE1FV2BR4jDclzmiT722
pweecGzWnVTA/QKnrOvW2KGGqsI9E7DmO8lU7XpbNJ9sogvMPz781yNqjcmpwEvn
+bwB/zryAeuymGa+hmgpZhqfabe60YMEVRogTOOgP6jcsMiNwuGkJsrktaDFoJsC
qJlYweZdsr4s+ORlPngxK/LToC+GVnxi8yaVJ1E1rZyWlU+Hfrs6Jw8zCEj5Qf/U
ebKoBN2cVotGVmnEy4edLQya+uBIcmpNdZKTSG1D+UrGk1kuAlpgjyQpsovhwlhb
qJd0L6+pxRsVyUeM3+bNRQOiDxxQZbPegYysux5grDtc9KF1LZucnRcKh1CHg/vz
PZ8GWjvktX5JMLdBbb5OuZAgFgqsRZPjK5g0pyfeQ3eQJWROmA+7+G3SbXc055tK
aKjw2ie5URmra4dvRddHJEs+GmEZ0+qWgC5x8DeaOAtYVKTd2SwDVG1sE4hgY1lr
ltyI3WmGsA0+Vb5c3/ZI8BWEocJwJhosOb10SFe07eDvFtNNOEUrM9fZO81i+Eod
7z4MHJxcR2ZzFi6Qvvxq9wTGSKRQTwFW1zuxdayoPOGLgTT9HU/7QrGKyub7w2to
6kKhsCCZEEaxiktkgZl3fnl9rP96g1B2luaqElPQ4ujdT+Ly68aJo41oGfv8FPag
Grjs7EVNUdQFHsGfnkrE5MTZw/oq0S4QrnkHqahbIYX4ve06x1b4IyPP2WyfjuCj
iNiqBV1/9+vbKTKwpCTj59+8gelIuLp2RZuXtryoJZsMfbrXtV/nbjaXDkELTwx2
yc3e/MJVsExgalA1HWU66XpI+bT7wGYoPmR0xzTpKsrBIy8xVwAs8XZSKpB3V48G
fOsHqHCA2lVIX0Pec8fpgs1EYVlWC3HP0cLkJ+r+BvtvCuMrlziqLJxhZNmt7JSU
n+/9oKGuNDq0Zqx3cN36+rUzSHDqfczkuvvWdsAPtKL0rp98wkhPXkTCJBLMuxRH
Etj/zFe5KJH5tQjyu6dKudNfXeRVz9OpdHCJIdxznTbKQCrQUf7r6n4I7XmE6QlA
1e4n5offjFmemMZGveGzUE0aTzYl1jR68olIl7Ic5OZtrcW7Yrtb9AH8MR7wGK6u
i/YiQMpFfA/WWjFygnBPxOzcMs+yWqmrfPGJr/59ReDAOIlgecy9eVkSyV+0juud
eWl69jfQdgN8ejrAgtHM4gLFpnNjC6aO9u29BgNXgD5VPywzevMKkz6T/KssRZ+Y
n2pfpJby6Wvwqqp2+uP+10vBFS96hpgWLZmwXcTjxu+O5GK02iOPL6zvpwDh5QkC
wB9vWt8OCAeYutjbShxabzVvQVJbC02QoCfy7bF0hdfbJsheZ2YlMx4iwYK/okn/
Mo4Av2zezSFWO/Vz79scPq7HMrA3+m8ok/qaTdgPdBI7/tEUjVBqei8awTgv1iVn
779BYqMi1zgEjPb99V1SVWEsvJsaBLOhpiBTHflDJma5Wxx6DgUHlDzoWgsLS4aJ
aNVc5G6KJ+BJJkujyEoyH6y/7nLgssSeiLGAydHZ/f02KrA0RySD4YZcXvWVeDUJ
h027VNa2T7HTxnA0JDxBQCiEewVj+06kjZszuMwmAV91J6RHY95R918oiZkoXQm4
wjGr6SBvmr8MYRi++cvDy+y7GjMq0EKARi3gSf4APb05+wqTvvGjNqW8k2T0GSf/
upG9G8u+MSFv83QkDEFTOnFxOuKMf14fe5p67F8SJjKUUB9BMt0zCy6BAzMP2lTy
IifgcE5XyghW9hUFN8mMwHMbHy4WdjTNAYmyfZPSfgk6wtJMBkBLtYHZn/KCJ2qS
yf2TQ7NRVl6ZG4oxlUiyjgyINa0Hsv2i3cZSN3EF4iD69Io4caZZjM2m3ZiaVtye
CAsDPlt2f2cCAGOhmP/KAPeX05xhO0WY/i5R2icwSVwYMs+krvvLCdr01YwCNDGY
Y9/W6yPlThcNWM1fdo1oT5ohHFvMJzdslh9s6MSLUX2MkB5JEDw4opNsmzp5mn3r
KAF3lxwljIHH7rzKzfLbTGxD5b7bbTBWNBTFG6OsxbVpc5aWMLEoOJ6pdewWHJtB
pYdzGk+IgrXEfhl+s964SbTx/C7UgTiGen1DWsXiqNp/m0B6q58jqfyB54f75w0u
sC9Aew9l3N0YJXJGTtl3z93kuuajmlwcMz839d/qoT8tqEj8iio2taUAVyhlTVH3
fEin/ucILYDReMZnMbKQJNvBXMnGwIK+kH0OowZypTGDUQE5y7xQoC64i6p+O6Nx
EJRfowEMQ8oP38CBIOeKl2JHuyjlGmUJkS55Y8h+Cci2QGs851Aj/Ud4rX1SGD2z
PbB4h5zn7DI8WenUXnVb+M9DEw8mg87MSu6sYt2V93FW1t7Sx9d1Wz3vR140MCsi
bWm1lWDSXZF+nSdRUPUbVu7CvG4vN0ipR5dBal6bVUHI36+vPP+aBw7FiBhC9S33
J71Z+++v/xqjCKHwHZla+RvmdEIrGPF7eGAPLMX8S1gkvXQYcKJgWfpsLfAUVfpf
TuvZ+GtYM1SvNlq+eJ6Ec/SnafdKbv/rFivYP1n4mJGB6hF+nvvwStTvsD9wOcVt
5Vmax7tZHVlr3/bkvkgGOXkpdWYjH7/0nCG5ieCKGos1m6hGVSRPaVWbrwxlzhhV
eygwQuMnTaGPQQgr3aVIOSo516xVyfBXtClMH6/iKOa9aVS0QzUx5TaPtYxZt0Xo
xh8cyWzMgHcoGgkP11fpgCo9N5sy5Qpj1odVsgp6H7pTPPCaTpCoJlHDalovTi1b
yaSC4VMmM85yx7Po//AfgxiowIaz3v+YqE0HO/8MaLno/jhLfnUcjgQ+SDDhLuTq
Pm51jTCTHejCxreuVEvl1YPyI5Y/LmLov0SZC60SPb4R349WrTbFbl8kMJFo64K8
aWUQrauKHQ55ihbs2N0QZiocHWcnrdZI914OwYJUmMnH/gaSZ3DlcUhAoTsxy8jM
ARRtSj++budCVFJngv6Q0SEyNKIohmz4djftmMB/WxBNOvkEG9Q/g4uAJr8Moiw6
R8WbZs4erckSkKdUbqmrHvzx+Ts101YvJJoDYo6jsZpPhKw20Y/ThL5HCXqm3hhn
tnjAPjFEz61aVXqWFzW82gu7rTmDelWRH6qoaSVWFgRLpkz8497K8YMMObxUGN0a
gZv7oY+rAXMY217QhapnAQA3wa+P+/oZVlpZV0Zm5TWlVNJOyd3O/tSgMtdSMXbL
SXKeh+cvBhQ/4QaX+XujkkUCOL4EfhL30v5xFD2p+CUZtyw2aavrPvC13eNhoW4k
7ktPtLU3V57HheEj7blTK9VL+WWrMFR6IKqmxQsuqG/R9wtJSLqdzN3CuG2DvtW9
pwupMcvaY8uPLRqepqj0jJSWbwF5oAGCS8EB4Smkmy8vuhS5E1U5OiCjlRmwPkWB
Oxrw+Wiev0ITEAfDmtzQZyiiLmQDflsg3WQCwhKK6yegqwjHlBWVdDhSVQwiQY28
HVXCoNckzJYvz2k6PAiU/woQsCJQFZhUMCntc6uGwanqdk4TA+tp1OM1vY/72n2K
GrLE/ksrLbnr2sQKNOTxBurYG800ZTDzJNhgS9jUPTKu9l/oNC/GQ7v7vUPCANGa
ab0Uude9uBwAuEuL5/saHB//NshdiBBRybs3ns0yW6IVRm44ij2VPQ83IQzuC5Ph
MBUYoCY8OMyf8BebvkebujFl+zPCl9ZUTG13ExT78nUh4TypV1L+S3W1m1uz85xA
QTluBevUqRo2yr9DmKwCFztFNw0/yTXuGbfKWHjvbCMoy/Cvqbk4UXEdXmmhDUX1
jTy1Rrz6NN4OI3x2t6hO6lvvydaaWktaN+Bcf4ZKdSeQ0MffahU5PTp4Qacu4doI
xNxOfxufJhU8tYfz3XRuI7Tg8qaclKsoGrojLy7eDNoj/x6x37IBfmxghOeFFtzb
ru+wC9y9daaPr1o1oTiYiZ80CWa10wnvdTCP5ZMvhiwEjg/jG0YCpPNr0SpEjG51
19r5Ho/m7/xuNgPGVdNYLl39F0xd31aoQ28SkvMXeZexKvSVp9yA4/iTqiTIIcV8
3LIJWJKjZiC7AOnVzPL1+B19C2i1tsF4k/pAlx53LtdHxq69nlsXsIx9kihT14kz
dVwc8DdBwsMR7QkCCGha/hEf+Lb/jBoM5s0NXp4wu2kH0DjawKVUIq7BdJfUVEcv
yt2ufl0Zu3W8ftNAHZ1EL4kJhI7jLmxvmJXEMTqw0LqgcFJw2bXYVm3qk8y3M5p1
28n7z0pl11AKilR287ruXBIfRG3xowo9c8CZDnCnTb+oxqIt2GsEv3/lxfMyFG6X
kVHAO2gYOyq2Rg52kyNF5Xv0OoMr0Apa4J7VO9jRyGH2dtFUmNRK9plT3/B4SQCg
PdqWzcP1HQI624ZcRdbmMNNzhpPFsDlW7Ua8XMF1l0b2rrtNxOZH7sHsSKnmBXGn
NIGcgdV7Sh0Q31F/i7FhAx/89fx88h0k6H5ZKVHD4Xp4BsW5cDjwkxXB4ehjRcts
y6+iHPP3wsMMghc5J958hsf8uTK2Pj0CgPWBeGXKkzVnFaE1Seo00RWlWwj5CM6S
X8whoy0mwlDabIDP0y8dqtEQfR9mMwjj7bvbWeJghk7/HMRSo87xBcpZ4lIZC2ug
a0rhWnwm8BcTbTGe7oGAJONb5ZDuH1hRmdv5snANDX5o4CbBEairXk/WCrH4z6fj
DyKzteZCWbPeqWbRiJWpkBr4jUAgvn0F1IZGQoz1pKL84gvKS+VpIC1DtUauKMMI
CftEBq/giDskdYleU/iUkWC6lGS+uaR5fUaBqkMQL/Z0tHEUsOG41EVpdg2IDUrY
wfx1HB6A1dxU3VCvgA2wKikSq/ZR2QpkAcM5+cJTpNoH6JsvxXe80ljMplr8R2XE
z0R0v/A/2dMfiLTiPPhbiMjWGJJKTsT8lNNwiejQ1Y4rKQtYAiX81kLAlWwv30yD
1Oq/y6euIK+YFlNrt0OxNid0BqzhANJsZlRY74IFRMUPzAIYhfAN2XC8fui7TLiM
aktvhV/I2OnXnpVJb3cyA3CwwOMzOJDaUVTpuG+FMQTfm1E3JmK16+t9YGVCA+dI
6QiJyIHM0ZuAl2ZhVYQckk/GiuIpraq+WRj0DcJXZJ6YVjhPfwm/azhxZxM+1GUZ
hC6z25bfe8ooPJ7CeF3U8d+SMcOZk2smwB8mP4Hn8dns0NUVIR/JjsUnptNHg4vo
+YnSqaPaBk70kB6uQxE9VdJljpuy/gvizHKZ4p+ot0QPPxDhL5Y+8TtPVcTipgvk
zYBXIFCGz5CIfkIAWmNV53Yw2pn2lRFZ9fb1F3jyQIqgdLxOMyBzVx/k2g3p9rHz
YmTLN2ypZ6UvVvuJqBQQcMQm3Bc9cAgQyKD8+vhGUI6Fpchg0uGpbOOLaYhWRpkx
1MDA+2Ehh8O+cV8gVT8/txK70hxZQlI8MuCwyn+yjUyIx+EkWGO0MvjGNJmsOpR4
BCnqEth4cwrmsuWjf6lo61Xppxc31HbtX/aeR+a9luxL3D67olgdj3pxh9O0GTrd
j872iPsVYu/evaqeDJaHQjvH1POM1CNMu7iFUqJU9qmZKK7TbWCKHnHMQWjlbxaw
MQgzAe7T1+ebWnZ5lYqvdauwiLfiLsZbmut4swDc2WvWtihT5S+bA5hVKQ6O59yp
RzveyYPv4IjC8Nz3Lp9ZM1FA9uRisJwZYNnhtP38Dg4FrNBSPZUOhNnL78heKvLy
6cRrD8zVc7ifZjC4sVyQFmMx8UmPzvebRxheWT2vbRTMkF0ag/2ch3Z3ERQVkTb6
GGNG429l2Feb2N7MV22iFnfyjrwPEEpjfBNUYwOPm7/Bdb55RedMDkkVWaW7YHC/
qTpexUk3ZN+DdjLSd8focSnyXZ5TqlW5/4/Vp/Y0LoPWSfuBbrL53UJ1P/9PHGWS
twdLCT/nqGT4m6O/AApXr5MzgKId3cd7xiB7Sw3Ll/Gx8CAuI+k2UB7T94SQOnG5
6y5La2utDhVJZ2ohGTqP/suLAT1ckZmF8v655RT+ciRO0X5uHeEjgcO5hkqx/mHl
ECPQzQHvuoIccpN6R4+qMWa+SbWosOVaTdoBL9aE0qS4qF5UWaUlmOoQQGmnqMjH
OhFg6GxQ45vkQxfOvOkgWU/moOJJINR8/DbldZvga9IsLKKDSne4rhfyaVU2j9sE
9F/XpEI91GQk2RlLCQ2pX8MuawZWIlo/RNru705hVAn2oMq55tMupVSx5Z/NvAdq
0qEw9LwNJanWMnCfWa84iDXnTPAGlGFIZC36/UBi6k1EYOPkXI7uYW1F5ukwP2iI
xaVt8gHMVS1qzmEezPfnwBA2eb4wrvqEo8miMoEL1JHkto6tL4EUQVPLcGjYNwg6
ZP1Wgj5mRIwQRdfNu+HLA/fidR7pw2SZtwoaVCJ24zvOcDbFn0i9ge6bptBMNos5
yPq4ewzT7aR7SgMYkhLheESsM785FkICHiP8gO/C7bU7yYzTlbJhviYdoPCtKOsn
AymBfGHOVgWXMO3iTbHeo66NuWZu2IXK3G86xKvQXAwY+jRRc+G896WE0jsAARrJ
j4OG+5Fs22JYeDmiBVXARU7Ok7BkF8Yk1Jsvi0bEQMEr086g1JG4/GpY4EQFkajL
/qABngbNtrVAiKWPHYJu0SSuNDPE4r/2LA5qROQm3PimmqAwn4S46KN4+Yc8ZQDX
Zr2RC293yUnvjOydV2pXba6IjoWrQY81d2YqRe7D0cchWvOSOntolCxxRGdgtZni
D14QPffyiDSuXteWX44cbcxb1WPlH+WZ1k/SYPG/1e/dfZ7HmQMHc+enrJ2VeNje
ONuZA8KHMYSus+qGF+TqGV+OHrQRp1UF171tvi38zYFnYm7FNQbWIyUo98e4nHi3
BT5KWizjq1hNd67qWzG5q82ezXlnquoZNY8Z9e5VV4Q8xuNrwBMhO/KGeM77MY1E
dOc/FDQmwIkU5EzpbIZyeCKcil7/2pmn94mseab7B+tfDX/wVl2BGOYcGxmaMzNT
g/d/OZJz/KZ6bjvjFV1idI/0BlW6CK1hXV3j75i032EIwcL3uX0ELnq7Zxwn+7BK
TO/pp5kIRJ7AMbgZMv81IzoXAen42ZOe4j3EOQmsV2lwUL3nECPuQqMeIZKFkaEq
32QmERcVbd3c2MQF+84KUi0lZq2WcmlDaBt3SHiYYSpZhxmvUKY2D/16ORHjZ69u
3mKYryBuRIP5IRAlJ6CfzoLm+uJmfjvQ13Hy+E2wMA7o0lNIXBwJyOPDUS5kElPP
bMNYiY1DbrR6n9AGzVmrAY4L/8eHd3QjC6Z5V7xV5xHgo+u8pBA5+7JHeVP6e5HC
ia40YzEB+uarywKMcx+Jayr0BrQBjEqTP3kgpMxexkp/GTpr+MJnAc35o8tYE3Ms
Wy59DjW+ZciFypzHixCNtn/jK2F3h8zKROKULN1gELkzp4xtkVrFa6KK4WLgK00A
SZBIU1vkDfeAX0qTQ3KEkaLAyJU/XIb3SHp9FnE7/ieA1VCWKQU5QYeqZMzx+5yl
p86EdTf1WMTru3DQcczcBI1SWco+qki4ZEL5RIOvqpZLOOrwF7n57HrYM5IzhFmq
jszjky9/VgVrPQFQBEDCmACAHLITvXre/7F4ObrDqLYSCbIMGpRAL9egDT+zEVPA
cg+sqyHu9gqq1I3wnhD2eBASjEiJwAUYOY1b596F75c/ZH7zVd/6CLojQ8BLpu9O
EbwsgoDjIzEgyVrdCgSbMkoJfXw/OB748wXxkadbYyc6onZoEtEmvWgHzCzP01BL
PMrOUMjyHedIUX+udg5n5W2esQNJARsY+pGDxjCsA3vBv25Ck/WXpAvKJPAAKght
7Po4oGVNmIgb6/G/nT7VD72io13F4FmGEmO6yQxL7fa8l/8YifQlvGV3wElaJNfU
rylRYTrNRL1w95/2RO1o9o8kdpxZdt74oIqoAkDHNN/70X3A5yxAUjDPMncI40vu
QfyTC8BdxY4DyP4zviwz7zAdivzDsN6l14wcj9IOYE4CraQC7TjaopTjhqCUd0+y
KBNL6RG+KA0vvRlz5fKqAq/Zanft6Evze2dUa5xbcdSMwOxTxaUyyHEkbUgfMNiN
uNJQh11DXgr9FB0o18VlzV1s+XdDPT/zWIe6fVF5LUYc4q915dU/JuI20LPeCETR
dhoak54OQPPeJjhxI7jEHWl1w1ZqvPhndMvJd/rUBbdgWYGLpfwvm1nkDPCsLRdJ
JnFd6k9Fjvwqi1yFBKXYBo5hPAXtKHhfGsqgKYcHS0jf5ruf6t3PwXDAWlRw/jat
aHG3q9CfAaetMIM45nzryn9vLZF87ABMhtEqe+ZlBx12zqzp3C+T9KGDllrIknwE
wWUyCFVJbOD1xBjVMagSNDi/txYX2QFnSLNszZHbTC4UjevZDsgt63v+/GFAOkUA
SUxQvai/6HItvsiQCy3TPBlWbwAdYtoXqLmX+a2h+nWN2XXpxGdFy8jo2vtqB5JW
XR7bsJEtczD11vvXeOLsFruXXJD0z80FOwBm8Vnh/8S4FXwiPs1e/BgWleYNz/xl
6wAOp/Ys5HnQkHew/0l/h25dov4wgyFdYsCCYY9CqGxeqFMwdpjCxxEMz78Sgp84
3KC72QBr5UeqGNorKqTwQFyh8sMYlbOX3Nm0mVMqliFu37QgeTShApeu43sTjt7E
VsdnwlRKAHQAl3YRC0BmmVrDFojdv2RgER51+oZ/XO1WxyphQoND6J37pJzbLJdA
k2XpPLErfgVHfGx4zYeFNo2eo0p1cxwenu2JOl4KyCb+vL4FG0iSQGPH0fNtz4zo
i7kJPf7SmxvdmL1vE+wn/LeFjYbnBWW6rtgBnZClaOTqx3SxAFSM3AAJrI2Km5pl
EEicv9zO1RjsqIWJsRcpgnfmpkV6kpXYxfV0mM5hp3SZbhCc2jzSVJmWm1dB7KMb
Kxd14HPYA6qtFcNoQBHjMmXMioTf2B1AA6Z8zMMzlcREkqGWBAoRuxTblkh0AUmP
uDxB07pPJ/5lpq71X/PlAkniliBPfPtERRwmKi9nVMIuXE7vZh7G7ZBzoV481eDc
hSIg+xhG4NjHh/o9X0eiHlkvminnSnOSyWDqG4Em0FbtZlIk4Zsxl0QGS8nJ1Hup
nl8F59r3UdPo7phNbDwDICApH19ZEA+IQpFesznCGQkfktfkbGkJpI88dw3XQ/sE
HcpURHsb2WfVqRHAbhW2w5mtLZfiCAAMv9NnD7n/Vk00+obpJvFPXc+dtbB9jhG0
RWXOA/4oBhTc1kf8lLoXIAAcOWXXa6bZxV641HB743nym64F1RKPJVVPyYr98bLQ
8TgiFE+/oacQSxaAITza2jHh2TwBiZUb9YihA7CbHDmsC9z+Lo76QmBnTLHRNAVJ
c30r04Qzm8pvDxqVA8v872Gii5+DijfdG+bZidQNwalD8VJ0lErrXkRB8xeAjZKP
2/RX1yZDri9IhJo9vYruw90AUwQC8on4Bk6Pexly1Qo1S2TUYJ+qLgGBpfE0pLiY
zeWhSZE87GHNW1JPmYKBLgx/IbEzVbDU0BXZCHDx+yTCq2a/Tj+K54WPxzZmk9Yu
YJ8n3qUDQpZfmSm2bf+UocFzCOlePJO20Y5jOj0wdsvke9SstHgn4Qtn1N45axAz
zGz67h+vkMQCUYxVYQr+7dE1H6Lb6xLqv9JTByxZpB3GlQqHx+SOSrgJU3xye7Ff
LSXzS5LeKuMYA8R0rechOPobn+kWy9VAhL+pGe/sCqksFEm9sCsZa71GVynrUTZ/
BmYqFbXE/lpp3j8UYjx1I0ayJdiUu10/5n57cttY1hCkUkDC/0Ozd+fLTC+MiaDb
UHEzaDxdjZtbAhrVmjY43wNI9Mk5lNgS/6pPN4IIUmJ0d/MwVDNhnwF7hcugVdwL
yanM4J2lp46hi1nz0RZsTuS8MOeIcpuGhXSXmqXEJHoneo0Cj1n6V3DXyOO+HJCp
tx1Vjm8f9Ifv6Jv3b0zEfPZqJ5iT8msetDuqVizLwinr2hPwgHNRDppLuchD7K2I
3+8SCqjVAwsBeW2dNyQvrvFyj92WYgmbjvyyohAI6qTJAoW7NQq3r1wKQ3kgzRMm
IpIjxV+yZKxp63U1gvsOj7K+5H1Y57kFPyDZiC6wvkBfyfcgi49yAmmfaTTRdMkS
cVLcrjQ6QLxc9MFLiyc4B3ElncYqfYFh9BS/6orpyb1GFJWMp8Of9QGLIRYeD6Hb
2mQbUD13GTvaOlKO/gp+B+oQr4yWDRKgHJL0h5tLMVP3yNOMuPdDGKXG4a2gx6su
ioIvm5nJQxNvYcWLVbOQ5h/ZR4C2f+tfhn3yVkzPbjdVAtQ3NxMiaCHUGSTh03ot
yNZmqpDGfhbkoqNpB+ypfa4SKstwjMYceUSaeIUrS8lzqcPgatt82mjYygtFRYop
l0yIBfNrqAu/b+8/N+U8lYzZlNYE8LPzTVstGZTnsVbtSxWp6IRoCz95YiUIniFS
T6GpFhPTBS7gQshnqUOC9K5eP75FdFmfbAVaJsqfPajvu8Jn0mejDatJODVNDOGa
aZdEYtrtzAkk0EYtiEqDujFxU2fhBg6EddYjJDwkfLBF105K/SdaXlFjzgf4RDW7
T5QmRDfQ7LV1wBMVRAfPORRPQNfK/pWOlU0k3n0QlSWC2QCfUII1lO/sjt83Zree
CQNJJ99BNNa0eP11D9iPCDKjVBqRvuCLuWKjBHFVG99w83ubToGPxSBvoWBd0N0m
CgtqYgMKlybK25DPKIOYWEzD1BoNcXDS1+4WRVOF2hO3mGVqZ/PwuIlCVin1m8Io
KujZCrpWRxlKwATt4uXqRRkGgZUTZP3oiD2MurDTs7JfwtHgTPZYsCoY5sA9sDbI
rfIA9QIoAC8MrE1hjirh+CsgLL1+AM/oLchfAq9n0uabHckZ91NdqRASyfDwOjyc
leEuMqHroa3Fsg/+OVYPyQlph/qutIjGrzDWu0199mo5Ck4DacJYpMzN9DM/DBER
YQTHxJDW/TCjHLttC4ov60DbMEotl++556jYh7ZCp4Xv7o5pGmP+J3fG86SYGw0x
zOidiUAr0eEaedcCIxcDV1T5j0uNYQsdsmSWHDN1ueEe9O+iHrmcm1jEbjFDfTig
1GLII+yFMkWZtJQ0JU8ThgF/Oy2R0PNDT3PL40hUnqH55++2W39hHeP+Tjb7IvHG
YyTV6vMaNtBcLfGKsnOhiTgSYSGoQpQV/YABNIkO0idXHJJ/LJYptqWCdoiD02dJ
Ua9gkOHtM33cJ67RLv2X5WpoEYlb/JF7eiLN4YdntLCCbuO8weq/lFA3DYdrfmbf
FYBOoFPP0wHLgRDNZ23MZs8TFKRsKJcQIFkVMIGqNXFdlVONwTUI6Jbl3oPyA1w0
H+q4pXbbQiGINr1SYhX7UgKerqTu/AwR/Bnw0YABNcgGc44NTIAd6sbLdQMUzoQR
rT82PtEzJ+HAyosDZajf0Gi9bYO567KdxwZU1UCb6fnC/9X2arCQksB455qpsllY
j6zLm9twnW3n1qXeJxl6NAche2xg6qHlvEPR3K/q/9MSKpQ7k11XXEBtPFtKi7xW
SM8kD6KQuPYf1JM2+T2V8wIbZNzl9p0izcMjW5h3EBtcjLN6UoiBVLG8mNh30vpI
ASS02yPn6hRI9zUY+j2Mw+QxnqTWJIQZ2nzQGkTmipXjCWFLj6fji9mJGlaZy1A0
ghGHZarOosEjH+zKADNoZ7HbuTN6aae1OoZe39veSGFyq6G1eXsr8Pq+o3IrdmsK
az5nR1L8ldT1/ti46PA+Xf2luPzHND36JI0P2UQFd01Kfz8QblPvnLm4LJCXDj4D
99g+3IAAOirukYdIZ9dIV9W1gO+GGv3k4XIrC/wQzNmfFvB6NZQByJfvdRTj0bbc
CcC7oldoEm+Ts4ZmWLFFkQOWJtbPApn1Ui9esM/X4Bm9AnWJjX0B//7ZDHejZAv9
krKmuVDjDI4p3q5QI76WlouNTXc+etX7CkTBXzARW3F8Z9/3iw6xcxeozVjU1lGx
RM19TuD/xr96wNpfYbRnHmT3dS8DNHv9EshsQsmuIqa6WtuTDyUISp3JMzfzQGEj
0t8PMUmpm/u0giN44g9Gy3LLN9oG75H/pXb+ulaTiFL1V72dmYI70oXMAiaEuD8s
qfewRamHOEQEf+ztSRQ36PK51NV364rB49LnQQHJGe+yiiIyyTWcgmWmJLWviXSo
Fjf6QUHk2uo50oky6cP14nHRA1bKKdLdAk6KenSWnfnQQspuUAmMI6085R/CVPhJ
MX2DV58neipAq+3WRvw6F4WqnTQYeCsCXol6/qxNGIcwLeK5VGFrm4uMSeLVV5ef
pF+ydmZby0lsLjA4d3vW5a2mlEyHd/6is2PrxQR9Oe4RiHfIV1LAnz0Cy8ACsN0r
JUxf7e1LuGoheW2bVmwGePRdz1wSAKiWgXyRBAvD7nyezlTcKIY9ZiC76U1JAoA9
dW7Yvq5Cq0/lb7wGXdlzHtQuJcjltWGhHFWfzHKfQz/wQ9sOu7vMk9GJ34thDNq7
w0+CtHhiePeJKscUhtsGexrTxxPk3wW8C3k6aiGLwzM/ShaThXLcYmFlNbOwaBqP
r3la5gSkMpjiXDzNF5cOnck9NEE1UYefUJHWumAxqQrMwE7Cp5aNEz4VRhwiQ2yR
Ellg8PPi89jwFfR03bAvMyiBAgUZqPZQkM3qENI7LaAFrZy67fysXjP+IWdtcw0T
UqfWxqBT3oPKHCeoa6EMdrhRuIXHYtzewhxf4IHGKaRhb6aznAjFSy1l5bXI68Xp
dXuznS1hS+CfJynhuYoBbksHpAOrqHDf8V0uwx0u1Je5kLFIp0bKZMwJDvm4pvYg
vR3nAYH0oxCzthfgehP31Xz5OiOUzkiCLxo6RgDpN6NoiugnlKouZSQpORefY1R7
c+1Fk7Yy4bfvjrpeiQcPtZhf6lFLwJbbyhGebW1gKab1/dta8jGydhfeTAl5FvBs
dzKNYDUVNKBqS10HsX0dtRWPCmve/GUtA6vtrMUWvOKNQDYebp8WVP8AzCs9yl0y
QJJv2VLK4jOmioyPrQxzHpC1PzzrpVGSq0W5TNQcF+6sN6wrCyOXFzPFV9OFGo7Y
YtM3D/tK1axJIFq+oDScJJRzQSLoFnocKbj1AaURpqzdF2UIHYfjozY1JNLu1Ara
M++FnECX6hYInkdiBndySJ9eWHNPl2faeR2OQr73WWlvAC8y/Nmal50xmUcFO/31
iMwHoKFnj2J6AW4NZmC9RnSIQrgcU2qy850jaSstWlDo31nfAhvUjw06FIna4vWA
074/7TSFAAu63jKBWU/601CCxRlK2361PoqzSEClgRdTFjGAgKmZfBvYQtufjUDH
oZbx1TJXSkEFOhRJz7REjgB35bWbah7RaNZyIuRlJyoyc3ra/wGTGfgvAzuH3ZUj
qRLYGt11MG84OH5zG+Dp0T/NyeGYfFP6tkGWueUBfTWQxvGqBHACUxE1De9CCoz2
+46vNiMGUGVVMgcf7l+qHdPgEpkojQ4TqHscZh0tg17OxDh73iGcr4wEC/XYajDp
W5rAcAJftA1oFXf2NVh/7wv9/A74ZTUCKhJ7x27Ntzf10kHiWVtVnej8tqh0GIDr
aQ4SeFq7ypUxXM/6tRToAZhttNlfFmF2y2oKTWSJHZMTyI6WknQEZEviptLbYVNk
RCJfe529uola5+ibPUqm24wnrsNbLNTiOApwvbJkXbL2kvTk1cOV87I0D1mvPAP7
Rkb1J1wIh8eZ8RyIoMg9GDs6S8+lsM/jOZU9wh9vm/JoIYpYKTzW3nfYnS6Ya8NN
0l5uIxWAAHoYm36MMwltGbJ+1BKBiqOiosfVNgVgmpyUVodnPRUku38G20xMgYKd
C4vRjlaVEHioHUEhFpFZL6ARUzI3uBAtvOOXqZBIxq7P/+i6pRKytLp/iVGEvcb9
GOjq7fQ4hXvRRyvO4H8tseEBng7L60sziifl1gXwVPQjvLZIhSjG2A4eA6+wD7EU
/jKSxBooLfgKmon5JAvg+wCu1xn/rFXRj2ecuFpMp6H+FHDfJPo5ZhgpDNswt3X6
KL0lQjCXgm6eEimFpUC+xN1Niu/2yCJ8YYwRe+afpsZPawdqt9O8FP7Ug/OT/gHk
5JV9PX3pYKwDXOvEntNYbHPjYtOaLZo4icwI3RyHchaH3tLnVWY2ygxuQAJYTXoD
GnX7F2Ge1JVS8gvlW07PuJ7ODiNI8T964VPJCh3fo9vWqukt/W1vAH0+LpQnVx/o
xyWVjQbIJ2PIMtNi2H8SuS/DR2ZVqyc5BpmAwldwMo41/ETf+kUjjscd0VGKFgkI
A700VcmQ08QCNKVMUnF2mrLaphO4v1A1Q8YIkRPU1tk959CnK8IF29Vdy8/sQv1r
JP07XlPaBTyOJH6Hjf3daEv08L3SVZjpxnbAEDXHUibFo0AwgwhFTmbsj3Vq92Xy
UL2coPBbNuCaHAu2l8iVQE4mXorsV77BuTNDKk2nIvs70ekQMeTIGKdz3READGlU
P6mcv5vzwloBBHsOeYNZWXYkprNYgD1gfyRJX6bjgvK+FFl3M+SZAoSavdsFZZN1
aNGJ0ehk6Kfr/uiQ63UgwtgCOToP31iYHm8mG7n4xjYlFZwtx4lxD1iBUESPAdAI
25Sc2rqxcsMCtSKtVg3/mWOt6BIgMrcVDE2L4l7eDuVKfYcp/10PCJQeMMA+enzC
YSK3pV+Ypx3J05JJqz+Rjsh80VRXN3PH+BWtkBfXjqKYOYE72UJbFpqKxVNcNPK3
qt48qLfGRXE6pLfCTBNACRaDi10UNc7FyBnL0983PEkVHS52eVhoSk/Fmei+Fo4g
eV6emvExXa9qxTMvV7G5zxAD7Vmxe3PDbt2IMUw/P6Sse4zIVqE/mcEqzWXtUex3
toM/4DkX844RsSnL8K98nnRunx/eMx6YZy20nQupvgUwxlS4M7eZyxqttd8kzy/Q
amr+7Gmm6aDkd+zTp5y/r7kcuJ+cSQEwKUYkfFqZFY48FHD+DiNycKthtUf3Vrtj
/U147CzjyddDqxaGGT9TqJuDKzuRimvdCPNe+FUKVRHBJ7TxM0CnKcA9//5xr+th
QuAEIKAwUbAbGcP1wx7Aq8jH2hXr09b3sAGuJWJmUfRCRPf9+RiUwwyNZVfBA3Ov
as0thQISCPK8h6BYcrbaT+4wAwKjHYpWxJikCMHtaGdn/Qr4XXiEGePelN8wFTEn
tIZXKHMAa3NliuDH3HlkxYOTN2Af3aVycokdUv3Bca8Ay3YSUnualRWbk3rH/kL/
8vj0T9RLG4QsMgs84FbXTQ4zVEZVltNK+WXA5DjE8BFvgxe92VNV22ULoxbSpGBl
NsoRFvtiGeJUor34quk8AWrvyvhIiffbvjTyW5UJ340dQKzb0cdBMe8OkqTqV8Xu
YZP1MQ1Dm3lnW36xMqRThJIKltJey1KCYHxtGvKd+xeIle1LlMOacIWbGtUIEtKc
uHUiM9+PWZaiucGCwwXnGyLCBbGByVbG+k9OUVZycJIblBinEF/X6ep/ToOmS+KM
QcIYD3yEXYSUWml9VeXw5mZw5dHtpigmCAcf/vDqm+SGz7txHy49cWeC3NlVuCNX
LecxsaCsakendBQWjW+tE1aj2lGjkvH43PMwksBeXyqJkIxX1JL8bt/ki/uQ/Wad
YJ1rD7ov4y7f9iLkn46vHl3mvypVf8nyIry+s4ad3j+oNQPffT9zn2ZhcW60mw7j
T7osR9qKh3UGTFCEWP4EyxJBqH57sKnk5inpfrwogt+Uo2X3mYZK0DLpxWo7NDeU
qDn+3dQ0gFYH721I+2qhNkqtiFTloDNulkc5+r2RKvEs6ZT7pn5z9RBRpcF8pcz2
+zycPCEnQunXp9QO2LDd0DnnRD/g7NO1eSU1X189XPSomPX+Z/3Qf3hPPaKiteuL
OFgD4ddcxN+zFC6ibgclNVFZkbEGA3x9R9APOh8eLWliHyggTazFlbvsp6ZgoGvy
mPMI5oODNF01cRvF8k5paQMUYSP7btt1Lrd5PWjl/0UPn6yYqxZMDNi+0uxDZla5
xxje0bts3kE4Rf85HW3vl5VAXp66ffiKuEpQc+u8jdHjcdNrZ443//9ScIiUwyXj
m6vAvk09YxQzd9lxc43tk5rSDQVBqkTafqcqp78kzbTIxo8z7noll6XpeEgP4CVh
t61OkS+ug5rUWEXwJgfvx35+knjmvbz9z24mUT1M1ZNTYEDRxSj0HigEVNhJuAk1
9/obnhy0y6oRLSa0e2hGGVncRn2a1/JKnxM3P1kh4HHf18Kk81gCHxt7rbqeeVbN
j85DH3Q+WnXUv8tuNCpFZiRDskMqLYCb5gVvjPjPs7zr7cC02cY/VNFEZwOmsyIn
3i+wtne75hRqTloMOduBQuttnbZwZb52M4RFvJvUaJjd0hp7tbFlfGXRBzr/n4Tc
NH/bCH5QIirrItbLMuTFMq4AA6IOlmemrwWzuYxPeQHI6L0wKRP6oC/+9zMD3Kkv
btCHep7JHYKEdtl6RS7N9ztzVceghkry582jwbYrDZldx+3MdkzkFxno1f7TAkpM
MnZUdIRt61xdnX0r8BJgfAhcCVb/TA60lQjWgc85SLdBH3aO3YST6z1DhlAxLLf7
h0vIQL1YSWjFElEdkujcH9ofkVhtbP72MH+qAMKbwD5OmOJg4KEIaMQ/F8qJMKSf
xhrWhOhTTF9jIUpeHhUYRcmk2v8MgTAUdf/a1jFXnOZKDfztRO59cNCcmgX/OTCz
1Oa81fuQNqBAEWNjpm4jUYrnOmiJYqjAd7vevTcUkMecoOdVKUlaJpqrAltYaYRX
hqG7tgljVTSuiMNDavjjwVUyB8KY+ON01tIhfwiI36sdMe64C0bch91J5DDv+MX6
HCh8zlTHLiUDNOdTta+RR52kV6rfsnp5sl+u+uwpX7sXnDABDlTN3dmQPYa9IxOi
XkA6lio5oeK6oqjgRCqZpro32mxRk6uwbRFyCdroKo7708FUex8iJUYtBU86gOrE
qoZCAK7fmkXE/jNyCyKVl6L17C80b+ddLH96awXlbDEGmRmK/WiQ+UPzAkfY03dC
FXfNGWhsHgeLa71ID3/JxvP5Yu5YNT0NQREItE0KQe4CsElK4CriKlv3J4zBOuzq
KnhYKGrPz+A19B58OQGvHBdktFwBoY+p53aaiSOvkHSsEzEp41gYRSGT4St+Q4v7
gCIW0FHBYWC4wyuaBWIiYg9unOHZzSbPnvQ+GnWaAhadwVYkLJnFb4K/NcqXBa8g
GZSrR6dFjgVP+/xJb9jwCubNa6hgBWZwMhvSwmISPnenS/eXvhsPZn3aEIbv6SUr
JV/gVOUwWLFlxlcfRhLUdaKWT/r0/Fju/Vbzz4aCcO2ZIF8NpPWWH2bmgNnhhs5C
iktEsQCoSSJ+aj5nta5CA5lM/DbB/ljWj61s3Dq0KIw5QK41OGSWaWe4GYSRzgLH
RCd66axDyE7VepydzHwd3k04HP2PF/4uXw5AX3osh3bo/HtK+w0G288HDPSlSq4e
x03pKhq/bR+wPHQhrRbEOaTP4SEkrKpNk5XL3zOULheOo9BzEykQwaNywR2z5fVU
sa2P6T/kY4S3uOmru7zdbr03sIF0wOkI0+TUKfEYmc1uot7HA03C4es6bio5+zOy
A1tT5I+MDkjb+V+CtBV2c5NqmQFaky8IVqFiFqYMmRm7xXabnba2rkcuy4Mio7aI
6nUQRSpK2H9XGMwuqZWZSTDK/VvGBMN3ztBOs91bHTvfJS4x7nIEX21Z3p/9tLTF
IhcaWyTNc1nlPvwnX+MSwKjNCxmV8wn0CnZMtf8NaiGLiapuTh0OFWT/NlY3Yibz
7lmGKxx8Q81W+iV1p/OS7c/9REMRbhUQiPh52ESUxUy+I0kNp1txp0C/Jz3wwx2c
ydXsDzfCOV+IxUP9b4LILlL0hXYnCJOxZLWQtEtT3bvmeHphWX9fjbyvg4yW0Rzn
b6eQAJMhDrcC9rkx6jHowfp/cCO0yqmcsrbezazbR80GvRGwhgkuX2TQySdXnOPr
wLjG75j6CfsapAXSf8PNsQC7ojioRd+lB0Ev2+u4fPMAi3ygg11ivrx2qxZPUAeL
Zq2yAW9wJ4FVyGwqjkhxLNeLoTzXwlrtFcfo9NHfZyikLUAGIuXTeuSlFjU9lnQZ
bx2RnTsCaCjW5t2O3tnl4ZLfnb/9dOO0MlG+av+vh8GexzSL4w81IRssN1rhjN2h
TmnuXuV/uZ4HlLq9cthz5fSYYmhzk+lnI5ZAszXg+rUei7Xr2XLBnrylRIfJoLNq
d3Q7NMsM4wOqFS88DCnrCacfC1jChfrlqF8j8IZIU5x0dkmp8HrNBBIiN5Xy71v2
ldlk5ifkv3ZlSe6Qj1JyEmh6SXCABMMNQE+DJrb+GZGTdH4Nn13rhyZenccqlYtM
cpShjl43kwhU6c5AaTl5dzM3jDXLYc5hKyrztGBhMF2MCBZ7vqP5VkBzfGVNjPrN
P6SpJNRiKntoI6adOI0g1uIyC7MxuliLaYCuwSUz8af8waUSZMP+Cse0yJxhMVPc
tuXjHOR2PHhWy7OTLhY/ybO02+OaaJ1pIjH2gV8rikRSli4/QQ+CNNBmVSAcANMB
lJAVcSrrVmQzLkeMaUYgGBVyvbCijBgfrLi2sU2lpwe9CZ44/b/xwwFtp2+Dos8D
+VS2m6bBLphwu2CeDd45cmbUfm7LmZsIF/flUVFMQQgr6AECxwPDhQg1gCE99HaH
2XfuPU2hvPSsOqN+2wKwtxohVMDufHXeNAHkyMjseT+BFapNfs5md555POrlj7sr
rO0wrSpGZl6fmx8GILwbSKde5AO+/T7TFK0wqAC8/XsxCtv02OO3oqeSVCc4E97g
sTrsjT31PaEAQ9bi+ouTeEV8DaUuGjyuHTHD+f1OT2kLagqp53itHrFY9dfEYv/Q
td8CJnxnbCykPjJQyFINa1K9btYHtnMn+umUne2JQUdYFz6e2igxo1QTM4VGSrpg
IOWoQf/4JS2/reJKc6k9Wn+iKiPTPEF4AfeMhTIfROqbkcDs6CuAuI7ZFqwhPMbq
AmKVPiZ38q1zASXbQxBYE6RhyDas+3ggkS2T28Xrh3pxNs9Qv1CIcMAnNoZYG17V
2LMdFlkcdOJJHcKVy3lP+JaJewPK1LJyx5FPArwL7HQb1AvGKcvHWZf0IZ3TVQmK
5lYkzN+xI2wtna2cuHUp1r9LQiAt47k35pfxui5wjq6NePoy5FayEeG+JpanF6Rh
bTGUZr1rMI89XTodZPo5K8SLukTufa5i6LJllJDe0VgrHnVBIB4JZ9iQs0TbqU8m
kDfnlD+ttd4ilII7skZw5iHb5J49zAqQlufz4ko1/sT6XA6F1fEBRUe8jqNupUFW
msprHuCYXByQY083/Dx50WTc65ND8DoqCENDP/hpSK8tM2M/GHLyIDO+kSiCL9/m
nFBde5v7cZzCEPAcMhkvI+xJW23exYJV6znsa5HcJzlGJ18JNTxz86QmGhKvc5Kh
KnOa8Fbe3UdATPiVHUjmRm4YLBnCsrZ1N1twR0NcTpUZYhC3pvVCU7gaGi9ieQkK
DzIQNYoJ/APapMFMUeCEXpM4hDZbjaz9ujNpms5tdwfXo5xpknJnnyFHoPYXNrdD
nN27CRRIJt6G2PlIZScDfB+kUUtxKE+DCKmc+hRfPYJMereitL71BkELwpHsFBTr
mz0per42lu/hiJhVNbq+Ss7BUzZe/A3PI3Nj6Ua34RPA1RT3sQX/aOwkIhCAKaGK
6eClMSvU9DfE+5GVaZD63kLRCWMH0Z2R4f2rmz9x9KqwVeOL2Wql5iaq0CCMp+2y
7VAtKIvGvuthCNnwpYh8YDSpRMmhRhbHXMShBMktIGCjqltDcDwEgf1V/26j39pn
M6xcd4V5nS4nyz/3QBZylSHgnFEIajdpzABxBgOKDx4TCungFDGMCqxzRwZX75t9
pVcAxdFZHMNZRhk43YTQXKjr6FUdraoMYa80R49bPUCakefRAl2rcA1qTJZbi4DF
8k3Kpr/Z1l9ncF/3HOTKWJ4VX49+t9Uq67TTFN+yfUIJ/Y1rzAsL/3eeTIGLsTtW
iUlaEM2zAQiitF06KSK8saJktXHG8P7BedvtOqWutuVk+ltLOwYaudbnNL9Vmvg9
JYRJCi8p4V6tYjvUHGQ1HARn7TO2sXRcgvfsM5Ez7/nsTN0RMv6irkWk+ejenwK1
A5SW9nQZcjI/KsAixEJOByxsl01siIMFZTCJUUCnDVbZDX4Es+EZkjczSjeOckhf
otl4vZe1oawbYnr4GZYVvtJrZb+QPAl+adYCtAsRlj5/eXy8tpa8O88DZbqji2px
+YliECxDvibab3Xx1j6HSCxOyaAMYxBfTwexZf9Hm4UwX5AgBZZiHGTE/OvxK+ol
DTSQ3qvLFRd43azkcbEkhHt8mMwVRWt7JWEKTqFabaqR+iusELmfopOai3yUlJDT
S73Zir0HRDgv76xSkGYQtnT1NB0l0kTR2j7BxBWum40k3NraXveuQ8NlkvY886iJ
DdQu3+FJO46CUy9Q+r1PpjaXwvDkjm2EsASvngT6SA2tGlYJDBYvQjo+4JZ8dpy/
8n1dS0DZ7WgNOXd3/2Ct2sKlUzAEbyNOLInr68EbYwY5RXt53yiLESNU2iD8ZaYL
hAeCjbWyyOUzwN2SsFaK65UmI7UbvVAL2ncacvFf83LNf4gkLlNRBpeUIFus92Y8
MbwrGr7/N9roXQFxin8uDBQhDuR23wAjg20hGRQMJkVQ5NjFRGfbdNNVkui+tIBz
aDml8i76/v4DSN1nAmEy9CMLvSb9WZFTXk5d3hmbGkDoMJJXmEtARf9lXkR0wcrx
yna2onA5UOzcNXdZNoHEDR/Vzv0avItrLQKdI5nxrF+E6IwV7Y7M8h3TfxVx9b5U
J8OZa0+ypPYqH9CIvxrhlNOxMNsDOdDxhE1fQdTLXvQKnFFc9c4NtSOy7tatTS7u
RE969tkpmsCJRjL/3hu3X2KUFRk/q5i95pXKxFmVnRFFbZhKbhx94hgqfcMirgOy
sYdCQDx+X+KN6gq7rXSXFg5WnmzFFYrIX5dH3IrPp99+TbwYxD6ObtMqh+vnQo/Y
TDQ4FH03AR94D5xK4DOyDgYuprH8UFczhvUj4z4mzwQ5hd2XmjChWKeXjtBlWC/H
gA7QRt6JTKsh/U47r8dtH132e///MDaKIHSU02SbCXecO7Dul4U9eQI+iGGHmLh0
gBsyMIAaeZFpbmTvThQjW5X0QS2gC2G7fcyU20gi+5P3d0ZWlYmawMMiRHadh52M
kJCDyMEReJbAhUBNFP5y17msT6xyiae0c+STG2/K3Rjpg+t3thrpCPCxyLRLIXzS
/FjUOsBYuzLrEQiMctOhfVqA4SXmNtKp/7pRSxzn5+zUioVaLN5r1SCQWIGw8TiK
zyVnKfMzvHkjn3oX8p91fpQTfInzhqeDUZ6vz6fuR9Kg9wP6hNprXcS30uagQ7wW
XjzzucnberRzdCIqMUcMrb2NeZv3Cb0augDdRI16EXZeRGyJ9F64sqaxK+6fBALr
ExMfzm0XdFcBsz1+nUV8G7gQV7TclCBUUww0VC82w1U0T1KoF/vGEpRdwSyd4Enl
gCx/8oMyP8JEddGVoFAB1yOlHq9q2yj+NCeMOPvyRJJ18LSofjRGZSKq2TpfpyVY
BlpfZc0dLPUNOEEaJvYf/eff83EVVyHTLt1CMf6UFHWw02e0Clp2JW5TMX9aJpAp
AMgjdPdk3G/xg4vY5DuRFRpm7VQeGPgrcgzosFOpi/YCKq7uWFodTxO8TOwUMbxF
F5S9OUVoqx7U+sIczfPbfwr0165fDDhN4Wa5bwz3DMGuuK3si+CL3Cz55LDHd6yq
CQS3nLiZ34q2qUzzg0WruhqMVB0MVR8hBWzb4/3eAULiBdjPLU0Rn0FbvgngCOqE
G/43Io933uiR8yB0A8xKdmD7DCV+FUT5FnFHQKp7+52dolcqctGlbWTXL70vUQrk
TPPB8oCXpmC+tNSPwT99Gsb34Akzx28gZJgu6AiIXFaEevjLMb/vgLrT+MK57Az/
xYyc3Cb8LIIQbUA1NWXiURY9TyJr4J5kkZYypkwfz1cA1mWO+cgcdCUAe7NUmmLD
qLic5vB3KWz4f6bR6uVHMKp047EPKnI8zID0y1EZu+N0n2gQEA8XF2z5GKgOD4Ld
GiPqQxEcKTQgDRh+5iqFXIMfxvN/vKt1FU7wyQP6CT57WRosYU1G4dpRKjxG9AY0
X5UmI+bvBE1N1KQpikYVILbPKHumYwIH8ebQv0D/N6bzaH03xuD7ARjDo4KADBBo
Px7D2XQpi2/9lHVqH7dHx+cSxpzPtSacL+rZX6rJNzWZ5yshBXIU9YqF7CwrofFy
oTrv2xd9AJ1nGoWg/GQyyvXko6AIapqnxg2Qmu2dHZKARIYJpvVyapicforxqD9k
8A0ykCqL/6eiR+oQ3y3S3NwNp6n1/sZOAIlflHGweQMQm2SwuEQ7VeUxtoqVucwl
5w8ohAPrW1uyN/LbwPd6+S0U7J7k6OxSOdQomJQqdZqXVnA3kUwm+xJom4mwi9FF
PV8Bf/NdJOoxZsWPkvTdRF5jOKP/G8hX5TEfLa2Kq8WZ3tAdjCyR4Z1Aub4XLCnR
agbPTUr55NwndWs2R7pdFtSHF6NqcIIQCFPMyuOhDEx0ZNa0nIacv4A3Dou1nW1p
xME02O7CReUZOLqy0ORJCekJZWBkSGHsd4c2XW0OJK4EIyuM6tQvKtmhS8SXi6ZL
pA2TUXZBaVy24InFaiWk1FH0TKxRTAniQAhZZM3N/J50mmhhIj/KE1xEmR8jBVRs
wcBPyntAVMecYjGmvhQu6+i+C1WPrEdidS0OVImazVYUk8th+Ua1OM8rfP8ijtc3
ftOj5v5HlagrEtG/2m42UxvKqqhTWgnsNkk4F65iOXCd5HwOBWllSk7iGq1eF2g+
2xNtgowIJKzY9zsPo2LL85w1DnZd+tUVR2C6X4UN3QvYZ/t8tvAzkVx54XJkAEnV
KCgG8bCDMjmaNE2/ycni5iY/DaOIdi6iZWdUVrOTdAAJFCt02yaByYaRmIMf5qtL
BWmfTkFFjDkkl4WFrXNDRryXtUL8UhcbzN5oUq72ejinwgY4MrxMBun4WJ5PBDLD
MHbFHXqSe1mGFYxSIgoHlAVPRL+5W1k6g1j44wN37/qu7c83QQtA26PH+ToHlvdy
8Ht+fT7amKg+xGCjeSC+v5XStmSDbTtAi+OwY5XosCv5hs88OCHYFqeMa2z3nNtp
qCsyn7y1slUoRUWrfZkCMzV4ZOJz5hHYPqj+yc4eqIg4kQHcy2dB3GtxqxXy+ZKg
kz7Nlir6YRZjX/QN1UNxWiaE6BqTeQJbg7W05nQzNKEo2cY28febDBw0/53Hoksg
pGBI0/EJKKovcKBkzpo21cbMWEbivd/J+VSPyWnqYXNfwGKJqRtUlkneSkIMqqXu
98yyMPr1nX4G+9WvGd3MH47fgLc2ngYxIfXX0ECA7tDQWGP5f7gvuhgz5ROy0Rk7
OVTmig5f6O4/Tev5WxF3XMbitA4Rl/V/NOjZWRuAZx0IIyZ3BGyOmHWrG3u/uku4
U2Oz23ljMu8PfeT8jsTP8TZ84Zts0qhLV5EGXzvhVOkV4XBQ7fUIrdSIXC4wB0R8
JADcArcOxD4WriCkjr/aI6dQ4wOnW2KOnazWDkrTuzySp4+WdtqCpNot4CnVZhe9
GUs2QK+6BDoBmfqq5+tXztsJjeyoPhglZa7yTUzJDvCpyluI/euPCelKnAIpoDAM
xMpiVzhkiIeaSJCEc7olf0UOl+SpnjqrqSb5AxDPk/0HR1GDmudoDVAMvlTo4FY/
yFUi4XK0oRrF62Nmnr4HlZtriLMtjy6hyjzN2E7179wPG71x1NmVIKqV+6YcvPiv
rBZ0RzrJyybn4MOYXGeoF+OlFenjFSEGxT7rMiH/hTEsL4N19VF8HUbbkPNRoSMs
LON8y23qzT2ppWIZhSAeOBbst7nwKkNbnVsbOEDFHAtp02DVy1Tbw2xnfSZsbx3k
90KRSXbNwtkj0ivLg+sH2q6xFW9AjNYWgp3owPlhicsN8UDb9hSqJ0ItQs3Lebtv
6us8IBCCs7rPctBcosj/vTleBR0dKuGYMrx2RZgQQhbtKFGNMnM22mXIRoLdbVpM
btlbQfudbBmuzY/YgQNLHQ5uFt3wkpe4k+tYIHGBAk8VCcebk2lIeJ3XVquW2v0v
zUzRiKaOndao6PLi4yqeWEfk02u5hzgde79SutWi/576BIaq4CndTXIRp1AJyETp
1n2GiGBjtKJrAraiQ+h8jfNz6QGf6Jl51VsL4MCqfLZo9vWfc92uhhyNIUu+THWb
yU2dFpnp8MXmYS7PEOtOT5I5y8n20wFJy8F1VzAtZkrPcj7Ay2yVm65QnNha84th
kZ7ph/4vvLAUiyV6aaNH3DAwPht3C8QxhjEkwCljo9SJPVtU0gjL9iqqrXIqh1xU
WYcr4UTmyw4eNgIpHvmoW2m1OuzBpm953KvyuUSxnPuFQizAbhGlc8J4oNHWy3r+
8ajogrXdbLA9L9sUlHTKnrefEyoh20zq5XZwa+xkmh4P3ZC8C+6spD2MDHpV1awR
OO6mGTpXgvoTqddn5dvJTRWp4g5YrFI26D2Z0ayvWXbKOALC9qpn44u/eqxnqCNU
vvfkUbcwuokWiCbEteko+SDsKVV6OR5pYy6bB271zNCHp2JwprQYHj2IZzO+nX2r
/WJ2XIdOH0m6Az/41k9/VGxyn+HKCI3+mt6EZSx0HOKny2N2FKrmcZp089DVXo5I
+NJnU/fmolRL/0iQAv8I3DyiYLL+1PlP1TnvI7FFfA/ynbYxOR0znRzjSnVr27Rx
LVJfyH7g/T3p9bBYDEYIrWk/aGKaWfqxuzG829DITfYdyuukWyeRcb5XcJXsZoVN
UMkBFORU2/MSvZKe+OgN3J03XmhtqzcxUbLptHO3jiavKo4QgKJG+kstKsMOMbQW
qMIb/cc5ZYEca/Zo6IkN2ttYLKY5rBpGrp+3UC1ivRwApTnH4rmpBq7e6sx464i4
ydMYeOyuk6wW8qukfyZ/vVLHyR7d2qRKIeh6R9/8DKVcUgPAnAnG9mWYactwVart
XUoxd+X6LOXwBTJwzuvAze0KlOfF1SVQaMAGG1ldwOmdua67spKToQ/wjEGELsuv
/yFE/W6r4kBHmj1249IgJSwhkw++ZPHA9FZwxJ2lENQ3vCWrmZnyD1WHKHKqcVKE
W6EZFHZHzKVRkTumrc8EDdiGP4l/KWb233eib9vLA46XzVZqI6hofhKYIvK6muad
TaYCjL9lvRcGftAfeb1AlV5zKfdTDQNonrITVsIHVvhdK4as1M3fRvN5y/OErna7
0TRcAmsGnmgk0brt4x1zj/vPnh/yDxpBFEYGBhO0qGpy979ORDvmNcSGpxpH34di
s/f7IlNE9Wc9E6ri21/lNpSoMFDkGHKV69QgeN/w4/5qbGV13QKNUaiOF0IDd0PH
qRsGnNthOivO03KsltrOPRa2qlZvuDjZvgJEXt9YzqlD7mdur1a8smqtPcd7aBFV
/ANmlyoo/Kn46vTth9i0nqnNlMYgxX0LwggE6WSdd02hrO9iWV20GlCVcIOgOQmJ
nrEcb/XuN0M7MhxoxWfi+kDNOY8wbHXZ/Y2w5705hN9wdFI0b/YqSx1ZljNqVt98
NTCCfK2QKUmyw23WRYg/wLWzJMmZMCnTyNOeEUCtLwKorNyOjljNKrlK+HIoa7q2
4REQ5mUa4LmVdWhIKm3ZYn+OarkEcEDmj24fddOSBXtWr0gIoXj5BZdv5f0eYlsc
yUtk4Ym6HwRMrYg11a++87/0qj1h47w3WP1HLUnZ1dgLlRb4ZS4VoOV7MGuxrudZ
562UHHxxHinu+TPBJj9puF70gJ3Gep0nmvmUjfnqjtmQyh++f4A3wTXY3qvdM+XZ
CtiYyeo3ig+hBlbzBG3+AzkktZ6di6h1qd+ipsd4DSCp8pJM5tYNP4rqjKery+oX
I6SOK8Hq/tfpeX0X0/0tWW7Lqmav5UPuEQWdiDL6gaH3exv7xBiAdzCtkZZ4Vx8S
UDVuHjHrCQ2cMBs9+7XHRCqVpE99/oI3nrsLBzNFsPUOSYuFfvDNMX3BVDUIjPKF
ha1yxK8kY3pYoEhLNVMqmQpDMkAj9camLW64HlW2VZ+iAdQqZ7THyGubTwu1jxrQ
0VamwAdBTJIWzlqnJB2dWcxEWxFWF0uwVbZcWtFMrCtJmKBv7yzMfIKDdbQaX+jY
LQhtxSmo3UKEXCtY/oPUva0iXFyLw6cqe79OG2yfkBBbA4xW5yGPca4h2NVatGWh
GojcisCRQE68i46aFIW6op/cr/hzyXhRCUu8dduHGcqFuPiCusza2Ia6cR2nFVAi
uuvq7geOB5u8UgYT4ASKviSFqZ5rs7IIYKP787fkpq2NdiXIL4xwbChouWC6NIfL
SQczV7Cp5XqyVsskBxHtG6WOKJOJF7lUr3qQKMzr0FL4Z2wEtkcyOtee9BN0fjl9
hq+NPZptI2o4FkYn6iGNfCO5hZFvfuEvuwe6i3CXjzgZ2ThgU6VrErHxwIEqEJrc
hpF21NEEw1V5wVmlzxs5Ma0W+xPuOUMoM8LJvHSoI//ye9ZFynqyGl58KqwOr6DL
pC0RZcllXdYr3Rn7BqUVdnEYrps5M444cmlEJd1+/uKnpt8lMN8qkd9Z5ngcumdz
fg5s5zf+kXkGDQfbNsvSaFVxmAWgUXIgPmgZGDRlTZBxzitEr9xqQt2fzgGqm3Zm
SCxQQQI82N+3WGKaHB8yYCDIHJNI6Tp4NgHxH28dc1X5bmTcvQulwuzUi9QguSPC
iijOCA7O+bQWrnOhKFup/3SEJgroD8Mv+QTYz2T7b7CpZ649M8SmCYQmSNdnJLvK
5VihJxYbLGOJysBkJTx2FlDKXvNV9IW4GzPQnYnAK0honQkGimKWjYXhf+KwFdr/
c3B9qKRW/AgC7tsfn4U1RR9g997IzudMoYQQ7II4p6ylUIHLSX4a5R1uhQPb2AfU
htr+y/t2TbLQXvgGpOzOBtGFd46zKKv/iLNnO56xRexJ1ud85OIaDRh5KqBZrFSE
X6nuwXmltLnZmOoMATZH3rv9lz8JmsnAwveGUgKbegtjSH8bjBgMlNBzIDRHSwW6
6Y1XCZvprsKPTlFJgVU5eFWTEnFSzqlcKVZnHX+Q/LQlN08rXxjaBk9smf3Hxqtn
DVtfK0krty5hlzNDB2RuCLxcB6S+B+NKboqDb/DMqb1fE77S18eYpMzAnw4LrjAw
vsyHOkA49/7a6Ag04fg5iI3/tfUGyoAb9VLxDct9MZZ29+Np9zSyhIfXZpynTKi2
3kCu5RKgr+pcglOY5n3hMXNDDiq2rw2bNSog20MhpPGiGNcPNA4WgRbjYmvVuCmI
nJ1qhg/zWaLDiuUACKsoFXNKQH9OS9+XTLbCO+xDUgMPCGm7dQW199On5pdG29gO
iDpKUAA0g0xlmUg3s/jFafZUwjdSDGe26bRY/r8G1bqa1QBdOA+c30GeinrAdGBp
KNLow2BCZO+pBcW0K4ROD60WpJOW7og7Nqe+SS+iI+qp9y4PguJ643P+gtWUbspg
8Wid95yHs/7GFCODyNKR3OcRK6+H6V5ETFJWojFDHT76+QKaoFDGuCmra6ANrfpE
SNfzT1MSTOlU/griCXdY2CK4uT+lEhRDoYlw+EhFoY5rXYgBYkJdnYuinBJyvmk0
7nrFZ5jpK8+d9ey2PF+7ji4NHXZplW4IbYKybWoK86gYJhi0Y3EWV6M5hDTEGMvo
RmB7/AAJTcNdxnAnDrvLqYLaNMkA0xgDF0nqSOTrNAdqSFUpoRQKUHUu5jLsxebl
3AmqGyt0I1G7ST+DtsyBDGgoXr65PMc6SbSC3Irg3+1w09uVUrlQFYbPFWTaBzrz
UGGCq0INa7u2Ddf3+dYvPSOaJEzeDU49KKu3NI3tGY4wmVmtJYDVDp64SsYvU0kx
9hecJzG/WWmRL/FXql+v85bLv2Jm0EGj1JqtpwkmFMZJM6FjhT7qFqaAj2DcLQXN
o1aXEskGIfoJnvUObwmC3c8cBar6+I9GAdBW5o3mOZC3jj2he8WQ5NXW3imXFPOl
vWf1MzQY+gGRYTfmpD7Smbe60Kg7Y5ZWc2e8zeq54Z+6v1RwCgxkbWZ02jHyiMoD
SkZ4g1U5nXWne8Tj7SwWjsZGcfBnbhnbrfiRN/ksiQzGryzDiTwlbjcp8ZzkWFTf
5k8aWRfIQisYMeniG32P25RX3kGx6Ta3mjSqF1XZXpN/Xv+xUEaHKkdqianQCTfp
1V1s6+RJw6vE16+In7TpEk7GIKOqEteP9PmPXTq7iU82ojqyOFawb2agISUi0P5j
hgnxQ3pcAE+Ss7QOFFh6VhUgI9aNTS8C4FCcRvkFLbmwKDlAQ2x+nu4JTjfTryOc
BrQQn/2wBHCXAnavOQ9Vm0iH9ZuzOvIDYrFYnoEs8r7m+l/N+5r4bIuvPv1HluTG
7CLvzR9GdBYjjsaulxHiz7iZoxum8xDQa9A5vmqJ92KQYdERZKQX281asTRMMnMA
jKbZQ8fRm+dncAYkkzz3ciENPuW636/CYKiFJjOQsh+QtJmmrB6nqw7+tttCvLoc
uuJzyV+ZXpkjKqTd1HjJKZAZ3vOkm21ClsdoW6mtIPvUFvyRw3RJguxnJaks9c9z
MG6fXeuDvWuFZA5MogOFv0eAJvEyvICxDfXPoOtlLZ2Ym6VMb/3Nr5Bs3TR6ZgYw
XqD6PD6ETtZwKDbUPqrYqXckL7h8LeuJCmaCrvmHdYowhclc0quD7VJUApD40DIY
q+jH73P/bMLhXE+PtEc7P58UQLuUQ9In8mEXuhtn98O5QQ8LELvqPK0Joc7kCGyy
Xg6krzjbsW9nNPgxb9IPtN/qKoEnu5r3mvFebTSzFSWtznfKZ6L4boH7UnG7c9Vx
RorWAKY762DyLkCUnimlEDz0/v96Vg8GkGwV7mxZERKTVQZ39rid0o4zK3hzTGok
2TSg/h+InhY6VXNQPJsTA6N7H2y2h53yKPCHWF6Aj33MwMpQyR8+fV6mpoAFrKyC
T2pGxUpjNXvDOZHdu2EfpFKm9c+Dlv4x/Gl+IHJGwZQzQOLvw7wo7yix2ObG7TEX
e6qDuHZIFempbiEt42Ui/BtxfYXlX110EVy6Ly7ESaw+ZAS1BLt7PEA8awmpEL1u
Pn1vPsGFRuW5PE2CLdzu7zQterseU1lLolmI3SniVnHpPK8Oeo8y4tHJg/OOZeLA
fGWf0pP2sbRCA5d2FxJ3GKfVPEaQuhhPKrwUpKXorNXaJnCom2CY00UzAKFWF7gY
nX1nWtBUQgMbmCaute81bNXKrpaqkCl+vqRpN4p0YTr/W+0L0VZAac/BsTWLB78m
cCLd+CQ8pFOyf1VVG3Sm+bHnfBWohPUshsMn4y/5/Wztd5sP2Y5LBMzLHlei7Py8
DkC+3lPN85/9mVvhH7ufMgCxObd9N0Mh7E04P9qHHoEL4lZPd3X17OF8ES8Ix6Ad
YBs4jCHuHpuUYFyJBNmShq0FC++mkPMifY185lXRRf5QBZHRfLMPgA3V5+lCxywX
qgYBowNjwmVyviEEfM8fh0Os+aUakri1XauuwhX0JItHzpHIM6vPCstoKYfx8gUQ
pcU+O+q6SaBUHqeDhOOtmi2Aap9XtXFMx7+Nv0kArO905QNoK6+JOa4mZAX4lgVd
aQePCK6FXn5nsAk6+PBGwVDREf2tpku2Ty50XcUQgOG+R16yeGbFqBqP5/wYsH9k
kK/Ahm7cvD97egvLhKXObJ8hty5HJJXuRstHr4F5WHwqvbf7IWfNT5hh8smXbJnc
mH4WeGF51o7025VbNljfr0ki59kAUMpnu1VMdHrl5liWgBvdzDyVrnS3z2Utlqeh
jt9L1rnl7JEtzwuNFIrlcdXP6w9xh/kypnS5BMSCcvPj0+1oXQ+MzQcIIUuyEt9n
mlrnlaohRT444fLuPdEYMeamXz8Dx5fS+gw3DiYN/LKOmTUbTfmEfxp6zViLym+W
7WRZvhdQ/cPhe+he5Hfv94KV+IeikZss3VyiZTDFPos0MhnQzZXQ8t9rgcNiAsJC
oDKU+WJ+dHeAxE+hZtgrBl0iXtgFsEHfpWYEcjlrRHJEsJBmYbOTFUHpPJ0uZn34
7/b7zef1meIeAuBdyrW5jawaDUlnEuqPXEWMNGufDI0w1SQp0kpvtMHbR3oM3nNk
NOY8xwKhaMkD/2kmBWhDCtqlsYNFob5TA4KT85mTpcAaUCNg2DcejybhIb1NUkhf
W+Nizui+HxD5s6dNxwst4Wgl2oKhSMjphtrH97ZwohVQE78VppYO95ICl+5NUQCu
GZ0qPwaxhHQ8EMnRSJecuww666jZrZRzVk5jgeK+WR9iVDJ1jzlOjYW+T1w8ZJM/
e6DdtDlS23s1HPAlNB0D6sio77XVa4qPMESuiNbQRQU9VpBRo3bMK8ZbD+Azd05e
bLGPNmB4ojMiyegI9mOcHgI+WqZfV3HBGP/h2VaPZ65IjWCFpkHL/3cbhhhP/d7V
XuEX+JH081Qy2Nf9azdxjbRO+zoHa3BVthSt2y9OQUEml9ZZZkA+77Xg0Bmu3Io8
glo3DAjXZJy/FjX+wF6f5NzJUgT2dtU0tsMiLYdRWZxkORA3Pw3tFuItVw+/UcCp
6Sp/7Nxde3NpzWPuoIUHiT5RsShCf8HEdftpVHoKff52omF40d4Ci+gkesqS9rEZ
cPMZ4ywnKbH8MNLXeqH909x+Yf1FWnXphFtOtXg7//lHa13HLBI5EJlv0I0lziVW
ym9Z4NJyqXMMJ0luei1pKqt4OUUSyfGNNNyT8oYd49ieQujtzkH/XLL8BGThvqsX
iB5MxO61GRvoCRMFQRxL311j3eaPd9IPBIrebnpW7Rhb9JZKwjMrUl7tdin92V8W
3YMV0i6R7teH02saVIGr3xHOGm9nB0oW03ec4j1ZnfpbgPBjIdz9SzMHpD+o9N3C
Kbi5P66cpWDxCx9/6Ym81eUt75w0hyhDJxvbLl/IiaV6brsIrI35ELRnRT6kU4aM
8+nxlM0fNgwjxFhtwmfeJeAio1wWX8UODvWOZi05tBXkwbVA6gmnXbhi2xJDmYD7
HimhJoPWvQDUmYTHUjOr5A3p7CTgIWHugi47Sc5+rzBwT4b1PkoUteDWTtQbfudV
6LnAmCaw1BEb6tXgFghBp5XNpZ7yKCHwNbZR90/Z/EWr6pv9Q0zvGFbCPxo/g3gh
dACJVM1XIYpMgnPf+IcyvULav1b6AjvSQ5vKiCdWfej/7EP+S4K+wneVJS2bMkyK
lJAK9fSIcNQ8TqATEd3IbpRikwJYLh96XpRjnawh8nFyqW6GahxC8paARs1tp6Eh
EeY69SZI99DRH1YkMOyGgWlrqP3PtLpBl/dskP5RSCpN0Yb0ifLDDFDQNnzf/G0w
UraMiFPOvzP1O+Zl2yml0hxS8qQ1cmi5uwnqTyONclOnP/dHRyeBflVgkm2O2SEZ
5KliqDeD/2u/Rvu1ahjA7XjRWJ/IZOTcvHTK6SPQlY5MAoSOyCMY7hNWPvJLXp3d
SCugU7xmF1L7N09RJfUgH3HGiFoVOzOfVeNY0b8Vs31bufgDU/diTv1VZZ9hOUkV
R09hVfGrJze6VznchQ48Ll9KWJK4odSi/we0OOiFGz8NM6/+Pf6fnaKbDISDi98g
Y4NGz4hd61BeAZOj9L+5AeFxXZCuV15ufgw0d3z+PBSqkI00oR4miRKOn1xtPOSu
WsPeT52m7s84B4wdOAMAoStoovKGRkZfcVdzz/EYZV5aydLVcAJTHwT6Xpdqsv9h
FNcM7lOql6I0dSqJkuTSBPhrMujxwdpWrBBxJdenYaUTJ3ZRbHNVjnCxneIeAC3r
Ih9Ck/J19uVUqIUQYWn0eJ5/6N3TOkcmpBRRvEfQJ/IYvskGXao0Z2dpM4r5Lg2w
CxPJbrjdnwlbNpTuKUdqaL3K1hOwi6fpRCovORNoOP923w0Z1QsvBZ6H4i9P6bQg
PB4doU/den4avFmJChl85lm+wIRXAbpj0hWvECAvoHagK04Jg2eEjnpoO1NIJRKU
xywjxw53gfKiOEEMAH1vD0JOAkRnf4EDcY7wNtMViOqPHt4CQYg3B/QyJhN8VITk
xoj83yzSmKRlZz+Ll+rbjDxlSxa+rNITayNWX67NRdAr7mdHdOTQwU6rIq0Th9FP
t1grOMNWVom1kKLH1Qb/lqy8D5UAlUyvKJEduIqklgiiQkmNhyY47JhReDXwuGry
SQNrEuR47wBeSntdwEqX5CRNQzR/LG+LAtko39f/2m0nOLLe/UpZGVAdJj5fcWph
424TJoOWM0INO/l9UE53EQVXV4qHeRXcgy1zngBNEX76MXdfA9McqX88G0kv5do/
pF6v1ZWLTWP3Z0KFM7q/IN27tUIU/dpjHMpkvPoPJA6GQT9M3FyenoaRPW0KJiZx
2TApkmR3GAUgJfvvEZr+mrSAP23yeKEfM7q4dwUjbsO5pa90kH5jCFyG41etdLJU
q0Ve3HzL257+5iolJRELBK4A45V28sf4GLkSdtkIQowVmq3uKTGUKnSzGQ9+KyeA
vkHGygm0fTpWWmZD7hK8VeB5wpY6zcSqnv8cExvim2xMUYXKCNQ2NsF0AfIiyYdl
ZZySdjxjLh1OLQs5RaU/UuInIRbsN4t0orui93XmlDnrUtBWyCUVNNQt2pRpHSjx
+OxBN4pV7zjbY2EtgG1CF18E5xOnrAzLPkZJJobKbudDQN7CUe/teusK6mDRWc8O
PYYit/OdDVDyUkNSUDvhtDaTqA3FifLxIz/s/f5II+9gGwJD3ud45+/vkSKFTpfj
/CPcvgsVnzbOqkeCtuPKdku6gpiqp3jyIDgw7qNrQMef3bn3OJpo9iICSECNXGUM
5ofM8qdEe57fR4Y6ZCAPVNik3NgPWfN12oASwUKh/48tE5KfQoGIG7+2eSMDUPAC
xa3TbqdGHKbufrRYN0jQT3GV0sU3RoMKF/zTrLav2Pr/9j2U+h60lnrcREk0ordI
x+RE9oFmM8x6fKpBV+77+LWGxcv2jm09wkLKpXqN0h2GuacyXn6R8Yq9MU1bahQY
1bi/njBWKCltltjdHctOgNhhcjAN845vhHZ8jMZyXnaL3pBjEOyy2TMJSrsE8aFR
ZBagiUJzG+PAH0lItHO15m5bSkQgqWt7/c4MEiaa7Y6oQ86pmzZlJiVe8bm8okoN
yvLr1uZ726HLES6lgVCMB48OSuT4iQAjmXoAJLECTsj15bDBg1QmlWHcqpF60sL6
bl1iU+aa7/aUDCLVuNFvZE9GF5FoH9HAOqPATHacYQALzXxfvck7+le37CRqNSPD
CHiAC0ijy1DCnlQLNfM5hBFOtHno69Xb7HmXJPyrTvZcgWx25gQ+Ikc+qwaVpc5w
nSVJvTewh5cS9XeQI2IMg6l50x89+GvkIFg2u69HrMWPFja1nBhwy9rmWmcb+bAJ
anJNSAtDmilaJT2EheUnTCutl+9RnDegyuw48+/L5mb/Nvwwyh1tNaf+6CvYdgMm
t0qlwc5kYbgpdlo4dXm7hOWDgIEYn0yp5IZrmNof/eyoE8hgB7OH9c/QVtpn+595
Wem7DcARkdP+KqaNB9SGPUYMiRZ/iZyrfZdEPYDnpjH9+aNApD8AvHFRmylHhyF/
ic5UvwA6sNyButXsjl3bIRqyBgt5IV+0/H0lk+xzFZLYfesBKmM1tU3RIMFuNM5L
R7D+PXmIU6Zq0S992JJDMM/qSEdDN7BvZ7hD6AZ9QTH/3QFesiIceOT7wNDnr/+5
rkWJiRQHiZil+7LObv8kE2g4epPVjqTBapneUCVQnvoTcOogeFp59Dmz0AZ3K1mB
G45bm5HXelM5b/RcoqcuXcrcQSceFqRI7hbS8MCYrvygD1pamNqTnT59PJlxyGGP
2rEuJTAmlbWL0/npyOe2fqg86RaVOV6g841FEiudcsfwFk53KujoWEk0A9lohh+D
OIVDlzSHrShS4Nadi0Vdl+2kAZuC9qSoETHlvEqPXVmcB1zQ/0CnVNdiaGOC2y5h
ilzGe2YHKtVtqoEX7Ne6BfwOqJdGlvac2B2X6RSy8ii99yY/mpnycxsNjZQsxPel
fk8vCKftgkt4E1YNxC7SNmUaByQEPjYHoZHJKLDVUiZO8hjnwHDhBb27PtY6C5BP
Sy4hl52mtKfju+db3BQ7joQ8sHUXTxrZxJ9UoNiaLnmqIQXZyD4OvGfOB4x+/9Sn
c9jQckgGYW1estOxgA0Otu1jbJH/5kLc5Fg3ezbOgvLr06jcQKzqo+UUvboYRADZ
61rdYeBnuXW+0BiYynzhy6vy41S3zgdUPcV02xvgJKnD3/e42my78khPlKacTb5B
P2JHsEJQzV1+w2GIiWL0M+zE3TunXyvBdBNgAwTmeAzqxRbdVWrxrkULOq7idB+5
U1iijbu1kmmH2C07KEdFRSH/MUqDZ11IiNVTYMK5ErsBqDlVkTi13u6/aUHkKVTN
oLrAbKdRog1md76YZljH4x9HYw6EzOA/KA2Mut1IECu3CEzzFIQ/IfCOUB8lnirI
GwsH4aOaIe1Jc+ubSMVKU9EjYV8mGdRiBLTR/nS5ISKhCmSWh4l5nemA9bNGYUKQ
NJiuR79JcqDB4tyeMUT2kFKV7UM0c7y1AlDRLNQ0M8DXU9MGgcRAijILKPWNvGqY
Xm27X2LtGBM+l3KuMfe3hllDuxyNta2gldjOUn8E0bIB+EFk3uaUcW1D6Zwer9hP
FhGe0q6tqQkizDLi6GxMObqKdW6zhe6rDy1g9JaopcSThkQbd8PfXiMGL8JqFBVl
ppRWlH35ZKq2ybJviFqU7CjaENaW67m5CuviEVLy8nOqZ94JZPxYi5CJdBZxDJyA
o/0ZTRaLU4WMArBrH36n6YVjj21j4O0MizxgZCy6P8kzCNFQUk92qFXEPsles9ir
ki2z5HISuN/tsMiAphmF/ioGE7MLt96h2KSigXVyRTpnqKuTf7We1XNe9dqAyOvE
feRgzBGKBU0P8MVcj8CIGjek1y7xLb01+YAExkNdAVE2Btgx+sAnMhQ9a4Ta/TUC
TxshSTVPve5m9EWHtTXCCUACEgX6nujz7m2AZwCPph5YmWhRTpUjKK+I/dWglUxT
N2zwG3zTgjL8I74ukqVtbGliJWww5KAVLl3/v662N/+594okdqsf8gk8TaL0t0H7
MjJ0pP+EV4Vt2oP1JrENO94rmaxVduyJOI9smvgUC9f6sPUmNzZDssUK/TXiJApT
oK62tirmXqV7NlwVMXVfuWLkbKRigWh5axc3DYq46B46H2zVzUuuE1+jCTXXt3qC
I3H9TRLalTm0UGFe5JI/KfjOhvsyYTUU0CQBnn+TWptrE1cF/u8hH/QCfgYhv7BB
/51RDui/Ul8LpWrgxmNYPzftuS7rphJ+uMLilQa7UuFX/CzXraxNen90PPK7HU3F
X7JzEC4IVPxzZ2naV1cxM7o6CuN7ku7t13OggZSLMmMg2SdkFWmCa6QqiRj15qGs
hcxVHVNIkWuaRpI6cka6iuEoDsoOTIo2Rs5UeDrBRlzeqbFKmfc9eO9tQO4YUVgj
sqWKV0b7KfyENEqqdbu4pgD5zZqzmYreZw/oNyyMZBWaeO2EbN+KBUa/dha5h2yN
ndcDi5YRUFqAYsEUm77+gLRfQ01R9CfUvDZlis2ugmI16LK/oEAT4ucFNlgoUyWC
ieDcmr1kgQ3dFvYAxF2Zk21Q+vhF+S5r3rD/9Iy4lV8eGjhpLd7RNAdBjO9ZFXxx
5L19evrvhNjqaEhBDtg9Zl95P2eXz3hrbJ44Gblum/3Yg8MYYA1eQU91yjPqafSJ
+NEg4jSVPOIHbkyInXLNXMpMToMqdzME8BYh9a5KP9LlUBZ5aqXq9p0qA4NqCF5P
ytrbfhrVSoomlvcj+Byyu310UOPVCsJnGJkcw6jTZvxbnVL6n7DoNfTSA1A/sfiO
RgS3s6r7ck6T2igCf9EKhodD3jyVCtaXDCxfltSLSrMoCZyeK7199A4nh9VINdxr
6pbIBQGFdvQhNJOKRQzXTu509nNHZqbkWKQBVnZobK/VfwgSz3FLgv1a8GnZJBFP
rltZGn0lvLB4v3+z/R/sl40/BJh2jouJ6w7ahYDjR+3hwSNsIn2e7A6sghI/uo/z
IcXXA2NwLmhkWTLBsyg0CXylGo+GONQWNK7xaTTTBw58J44OdjLfUl8yd6EIKJs9
J2XGntiJKb6YDe3nVq3Gz4pi1DYIFuSOh9iMQX/i9d6T9QL8Q76OSqzmzuuJukYn
WlEbFYd1FHkR08+5UmK8mvw7NUpa3zj6dLxhmtroV62ebviPt5aiJ9ZTjuHroAnz
OBoqReRvRliZA1OoRfxMhHMbWruy3We6MuxOYZKOQ/9ZHC+kJsVnG8H6FtVEXuWq
XIuDZZnmj6e5bncoGE/dLoxBKnRNbD9Sq2Y9KL4N0iHA5+qk+fuVEQCP3ZysYoaw
5BPvI1XPs/kh8B//hTy2xrEQ7JYH5iZL/m9M4yPQHKb9xY2b6JHBh+Luju3x7pKT
bZ32UI2CZZf+mQwFPi6PdGwI2ui3AtOGSLUS42nexoeI57Upur3ulEmUpDsbfUuE
Rmq0fflHZRdUS2jiyPoaWb9rxTz52nzZPz92AVuFUrmFMM9ra6Z2z/JDCldR76IU
SRI4oaFtRNoZyAOduwdgmZTB6aWx27zq5MK0ZyrBADzq8cO75pV7zS+S3ejxikOb
c+WP3bdYkgsWQ/KHKez7WG7SLEzIOySFodr4se8MZcJ1oghXOD1nMdq85bVcCQx3
/Yimat1omsxkiMQE6xJh7hIHno+vhJI+Ov6Gck6DImkVoYuc+cTMmc7ahBeSkcEe
Nq0yRvh6xlY/6VPDFXqaXfZ+1NvhdeEIcE6Y+lcAUO3qoXLvDCFRpXnHBXgqY9iX
H2/ic1WsCKFRnZWlHnqa4+8UyLfPG942PlVtllAOblfQ5YJ0b+IzgDqz7Ub9xEl2
a3xg/vu/eqZUP+jQrI6EDPJhowLASFOhmxRxckZMLR+jyWGSj0xo6l9TWfN4LX0D
vZQo5mfFvFUv/oUZDscHQ/rs3e7dOoCNIMYo/O10ZHnOAKAsDtWaHmvT9IsGA18B
nHDcdMD9OcoS8+tz5nKzTxHQO5sy6w923daums437TUBDY2jBfUUzE0pxZlryJ1w
OxoRz5x7Qt4gnHWox8036da31V5ZeI6UCCcVJBF7m9rixCzWxJJbOxnoGHV8m3ye
sApaYFLFyq5kbTeE66K12wj9P6v8KGAcnqzL5gecr1RRGt66fwjIAdWg/F6O3oeP
YcFO5pAUgR0mYZphVXwQHDYwbIAlRtZ/smj8XfFPuruRRGQQALlSdegxrfsXiYhO
5ykeXJQ3UUNu0vPRSCJelDc2n1C+GViozpgKpRvoPLeKDrxFbdKFFzB5HCBmjP2X
HCYCrILVM3LRTprLTcbcnnvwKJNDIRLvh1wv6kLGNT2LGqj1KNm+6SeGbHNtmXOg
O1J6BswpxhmwdVBWSEnZoIMUkRxE1wrcvvje1O+ehg0I+jjQwBkyckrppwKx/nfC
kkBJwaKRnUEx2ftjzLv6PqH2CllfZ6Ug4G86Oa8u4QU/9qf+WLp1yS65hFOyvHI7
8/l1QSoyr9ylMOJE9LbgFo+BfUa5GtHphNoVRE4+M1phayAHUgxKaXUOTCmgXZJj
9/ZFrqZzNTq1s6+/1+NOvu7X5OByBaeSR5r9wPuP1TGlTmFP4UEC3RX8feOoHzkz
AzuLq3JxG1gAJVSWMV/jenm6HzWiQVkXfsBXW19BQKAPMKvjzWo8pTsjPoRtghvs
vlg1c0emHbdQx1nVK7qXGtmCNvThe7rK+wzccBpA88R0dEvYNO/KAk2AC83AFexR
1HPACVg7bAnUhCQ71GcDGEN6HVJvVHMcJH6Ce0LAs6pP5wDX0rvZdy9KEi30PpJi
7ezj2okzp9W2JnxeZAJjcOIXAdLzlbHKaL/OCm6p3cMWTeXZIQMXWL9+KXhCmMk6
xSEOgHa64q8uBkYI4hEfuLTA5dBdkxjC5IXD3lFR7QvqanyE6L0lKkRh3FslcXex
K+r2UH9GsCpBWjAVeQo1Q/IwJbi0yneVr6hmeHLvZB2BlTgSAU+KlbDehkcKZ0WZ
dS0SMj5ER/klsKIxTl08xbsn4ZScutRbM3qq/Wp9+T0I7XkXA1gwV1aZWv4tGvnV
N0Y5mZ2JFmbUSOz3Zu/gmwi+SyCvo5+/Gl8NuBZwcfIHFex77KjwFJTOaYqXYfcZ
S6xxZ4oANPntmkOFGRKFyx8vwH6dPa/znDlpXBZh/0SN4Zb43DlS4S2kjCnRwYRS
NMGDxdxCn+BsA+gAZGpyuppZ21mU/1ara7SJLgDotrzFXLMXGYfPf4w38eE8E80e
RF3lER7SlfkuKXc0UKdhVHflTGVjlcUF02HqAf94oul0XX2zxEa2S3Vyx3Jlu2ym
+PDghL1N0mjA4N0C13Z+IYWwNjjfYd8gFZddgkumnnFlTKYCNhjhQ6HbRt9eMVCS
YE7EsrI3I9KfK/xSj1k3u9jTFw6+vM9FYZCqpTcGwKMOlAKEAIogTZ/spPv+x0uf
l6oCsJdEKhWYMJfvoahKAteAWKFFbd+j3xqhl3Q0FP2zxdLkBQTkVFTSBrm9H938
jhtuTOR+MktgJ0s0uyhQn37vW50mjTf9zQxJ4NXE18gkT1kqWWF3KG0HRfwcgto4
cfmcno+tVaX4GaOc9I8KqXsBg+bGfMjp6VYbcZ9o5P96TiVRnbwYzJz/tmP/rN6H
2B/c3DYmfOSdNsSJamchf5JLDZ14sXVSRyJAar0Nq296q9F0wKg7gzyP8nN9xw7Z
FEs1FZM/Bfhy37nUIHaXz98Iht00tIeg9VMS8p5PjahXYZNN75DA+4PannN3nft/
kx1J4RkCEMTmqcEerk/6CwoRPQ67QMP+cadKMSWksH5mCgQQawOXWak78a7R2GNL
MQk2vt2mCwyQBqeCeazqI8sHjFDxS2uv+/gi+Rb8Zox5u0EWl1KBxmnc9vGlcfBS
XDEomtgVX5WnqhHaFvrkgPsy+enUqSikswgOCavWjz+AxVBK2mBzR7uxU0J2Baiq
BpPy18z1M2fEO09r8Yb9ZZ2xPv1bRiKZwirzu6i1J/GjYKVkteZ8Ht2Pi0bWztC4
pWQhtctw9XxripYpWSnDxr415ERiTCFDsGfCaL2IL2+ElxHh4UmdQbfX0t2FIYmq
OvIVN7BSw12J/OUdjzNfpgu+MLxdhQf+LGAQcZaadkevho8oBclsDBnU4MeMOMR/
MyF69C3LOVTZl84VDeJe0Nk5+ybSQXT1RrJtUY2LoaYldhBHrY1U4Vz5nSvUJ3Im
gicnWaYApXp4MDP92cyf65Rl8vWIKWBZ/WY04g8C1WB3bDHhljbE5uLtqOimEsPo
SGzt6z0KCfNJUbNbs6089xYNmENwWqVufZWjAcrNtQdpvfQ4O5DDOibzNbrssixf
Kh2stGe1wsSy2VYsQ9xhr2gQMkyGbJkNDr02mouK/6EXrHb9nbPK6ZHNdWCEcIXX
CnZ/vX3gNx8ATZPYygMzgOpFS2+VFIXjBnFDW9OwGAMa/BSHGKpSNmDgMtAcmWVt
WkNoFOjmSdw7n+7j5G9l3fMYbKWGyPN/asiCE9lEzJsyYl+6IecCCtGP9lOPW7Ff
DVANf8BO7/x/SpNjDEHqvmsFUJGbIO7KQJNjiZApQ7BMHK8Af+uY2UfFXH4pVX7S
QyILWkEybKqGrEDC2OsskeeOaNPWvL/FtduBzd1PydWqHA/XaYppJf4zfuSamLML
MBsX3nazDV5ZYTYTH/KPCq++5ybstTHFRFS4LJr9kXeAJid8ib49XM/IGrGC7FT6
uVBh3yBs6YIbwxvH1p1z9sV3sKCy2EQuiAhEgCJ2lnuyANTn4Axiw18G9a72H3tp
fH6Obg62uoqkPN14Sktbwc6Vk0KMjs9swk6ahG8iQez19jJT93KeWBPFh5d6EbAU
ThPWRaSZ4O+NnaAHqMAnpJvGJyF9h0GzFj+tCC18o5mRyAULN9nLghRpsFy2ZSc7
cRIahg1q/lqlVvALySYKbdYX4JN06Hy60IhPNIPYZ7saHbqzSkktsHERaosLQbxc
ymsnL3SbIAiCDjfISvAefH5/aBmUFuXuknuPo1NnlOVQ3UxwYAlZ85XR7DNnMcY3
ceBSbpgV/Ba/dZNykHbpXU6aZwSsku6iNgA/hBHFw/hzEJAqUjkoGXKACmbGYxi3
OPA0BqE4zG88KRH91zF+OfLzEWh1nGOfm/x43sGbVlx/hcBY4UcAuuViKzgDkCOo
Y+vvE/fVi29wIES85XcqREb0Rz6WNqNzeGQYlUkBpZcKOn6u053rCQ5gidxH11XS
lVOWqgdDN+JChMEZlJFyzuPqlfQem84I5qiN9HPk5a0TNFUpJ56iaVWpMIIfDTdl
S16jvmE2SCP5Qc/53d2DuovUDkeAj7VqCyiovLp2d6bxu3SzxhymTaxnwGEJQe3d
A8JvXD7w+2p23/svrr0v9V6xSMl20AJmH3/qiaPaUqGrlC2rLojLTe25tfbQb1Fa
ku/01txDYtPQztyn/IhA9TE7GOhAzX4RY3LSjbuY38LTIW8vhS2ZKGZ+H9aT4xfw
CFtdFTDjeQpAzQGNwXZmqYxnrkzzj247ZhV3PhH1fufegw7BFbr2DbJcK+C2u9WC
YVsWx3sZ+frxm8P3Bwdh0m3OCKLMdGc6lOlEmOdzeGSJ7mhKh03t4+BSgEcQjFXF
x3mS+YIONl0/cDYPWt/2PuNvRWQVWp+g6VqUiIkzUPns+oOMTSq3zD/oxld0bfq1
JgXZC6OPt3q5pjnpoPKpMeNhKTGFxmwzlU/qW2vJRYoFHwsSejw5c1GIxPvLKIg8
TQZ60vhU9OZiusWq4iM10kuFUmVaMRbWvXDBv45MeBLTXOUh7BGFBOIoyu4ws5SB
Mwj9gMektNBcsNd1c6lItor6mvo7FV/l6XjBAugwDdU+Vp7c62RNyQBvIVF9CZO8
iPvv25CDYO1t9qpfc4/ySpRASBN3sOc3tS+yk3Ii1G7kvBFF/TXgo378nQuQcdzx
Qmx5ygmpByBR3jzD+dh6mREG5YfZpDLB9SVPYvSnfGr6/8nEN3NbtPKR4DMB7uZf
ci/JCpHUucdEUiQ+u/ea7jHMRmVEzWE4HZgBckCBhJ28J+MCD+UiHIepD+Wsx8DV
0BtrYRXf+RpxM5QDG49o+8nLrXtqeWciqim1RvsaDjAHe3cXKazkAPsIAA0RlpP5
VoSMWplWDYtxEPpvptj+ReYP8xpad32y4CDNdoyJc6buLlDxEmwgT9o3o2ymoDNT
EPn1CPolV0B9qCuiSucADqPFLW4fy+WDj6ONwfkXCN36gUHjf3evBbROzeAN8PJa
B0/gV1b6ivyn4VsQ9A1labdgmNTj8BKjn+6iUVJefzPPnzzKzYKt+vT45qXYqabK
AxNDOnDfDVU0zhwsxwazm+ZBeyhiElLRU2d8jgWzzMqENJ8eykEqilNlL4XHmq8Q
5nxaGtgf3mrschL543koH2M3d8B1wzoR8TLvOFqwEUf2cC+NMAe6cXNnsAi9u7HW
IxaR+O+/sgztVBfn9pX3uQb9o8vwF0p6UW+Co76k8HnyMCcu4pj4Tvf1Q7jgdCs8
+pxWHtJB9FsYqMOZylyBJlj0uTxw5x4OraAJLw8jxfTQjyuM2euCpwHH7AM+SvYJ
BCH+YplWhRh6fKR7RBRQH7f0So5RyDSEwtk3suFLWGh9hL+URc62PNDu9VbjEcZt
Le13TXOUTRN6hv3b5cI01PQttRQbGSYq/Y+4bQvpQ0UmMtn3WG1mnrX3Yf2tuL8u
gCevi+IoZlxGbsOi6G8dgw9elOTKi65ZdsddmioFXqCsKx9Bj5GwsFjTsY9xlpek
QWOKkpOLnPLdqlAS2/YSY/rkYKCOUn8N5UPZSTzfM8ySo4+fYizMLuEX4t5D4YlC
ZDoIWK6otO/YHtQ5yzuvhtqUw7l+LeejmYe6NIQrFV0MJZCOCgOVdcNEDbm6/Iw3
sbd1HKjhz43m2oYX61+RgI1CSvhK8iCHDft5xy6iBoG6XgA/c+vFLTJdSN6DeCJv
0GHM3AMHYkXc7VEoLn+m+TwIr94hcUy8whYi2zRT5F8jubIhzYV3OCBEsp/mt5+i
Qk2PJRmUPS9xNXhmYvapObUwlRIc3WT7RD7AcNoOySdXwyXFAEt2s9sO5SnCdazl
iTcibbG9ylcOmPwTZdQ6kb/UyTCxqAnd5vFG1kBbqoHYO6KXwF6UGVw5v+1UO87q
SJ6lelJcsbZWS4IuRGL3eYwFgaVSJfQMMDXGGIVVQce1N5ZlNz8M2yHLe7B4d7QL
utio0TpI9FKKy2SwO3Khf/BPTjcQaMS8bu4PEJVba5fVRwMJqhLpsPhi3iHXW1p3
vLy52n9Krx0LlCu3Nsm1yft0C5ucNCUhA3bl+BFI1ineKULP3C4TBgy2Oarbn91g
YVT0PDWj7pXoiNjvt2kHap352sh3Z8PTBoQyPMg/KxQu3Q78b2at/oIm+ybaqMrE
i1hHI4zq7dUZftgai/yF+THCrPHGJunEWwSTS8bFx5HejlnJkbh03Z7gtTM3Wn2U
rUP4vjOZ6KxlbYMbDvb4aZ2f71oftYqDqSFkJx/W9ebk7K77sg3tUikDMpubmWOE
aYkq6w9u8lamk1FHa6BP3d2ufivAG1E5mdMWp8pMEWAiOzk3QVUucjgs2q1l5RvU
TmXkw4cwY+vo4xWiRJfdEDl77TSdkjGjFZKrWAgpluE9eozzNZ8NW83gXM5JxLau
6Knr3ghcPCeIUb8+36RVORnLR5qJVW4t0ItwFm3kK43koR2SSQD80v4ZFopjEo1N
JGPllG3l8Nx9sz/2HqQrT/s0vWjF2IQvmlDg0rJQv+C3fAFp0xmtQIUhXV+6v4+0
gMJgZFMaLOyb1FNY6DnzBVDJ3R+fCCvTzYmhYuPGcf/tQs/3Yp/8dEQ1oyTqB00S
b1BdM/dFl/qgoWI+ab3yFUkFjb7pXmyBo0eok4KGoZh1W1yKCJDHnMoi9A/YqJfl
/QNgtccrVypqH213u/nM+oBrZNUtn3mFvgLZyZgXki87Wqv+lgKiWBiKnNXI7qBf
82bYQfNkXxmNqU5B2N8zIXZ7ENRnnsIeQLvPSpTE/8GPfeDCNF+IvPKKwfOWEFsu
OswoLEyPGNknTDgA774TOaifMa8ny1BiHjuV96mXG0lriL8gICUv4k2NMzSIqVYZ
dC7SF4PdNZ3P8+ohRTb6Z9Mraovr4NACnz1w1HXDNR4ZF7nvL3CG/kEnqziVZbJc
47LvxysrQUgDvU/+SJQanyGnW7p92lY82UaNoj2EqzHSy4O2lFPB+tq9w07RQ0Ms
3Z9vP7fnzi6kuPwHRAAdH9prSJ6SiZq0bFAZqXuPI1C3MKpFZniL4t01MKhrrDP+
GIA6b1kZUFMUJjMJlpTOiy6Uocz7TZAksdiw0JW/5xEkC27fw6j5Kzm24LG2DQe0
cY/800g0mrgW8dfPPAvLyrFe2/GfBnv37HVudbdiSa+4pqFud2h9fyBrVFAPxMwS
nOGEwz5F9KqzEbi3pZEC8LBmujEZKoHbkwqSj80Jbxyf2r6WMDf1t7GCumh+8leI
EwoIueltG4LLTAo7u4Xd7mnbjPbNnlupYwsjU81pCOCaihECjdf1ORMrfPVvxNGr
/8BJKTgcpRqz1XuEDzCAgDRPRqIHuOR5w59l7Qr689xwJuZSPDrkyLUnP+JtI+AE
Wj+0EiQi9hsg3rw/4OpcFs7NvmM5OtjilK6zTMivlWmCXBCDuEaRg0AsbHSu9V85
GlW5CQwvUHrwt5AQwgBfsUZjDSsoKrmqBPGBlKIJDoD4PSkIkkvS+ThHUjnJ4H/3
Yu3Dd6OCw1d2aFDwk3pUbFDEH3ccye53KbfRxzpuPBE+KP2YvUJ8LS4fR/wsrKQx
wNXLKqF4PNUU4gUMntyZRtE/XGsFr7uQejC8DmxjUOyLya2FZPC0q3kBRCT3hSTM
ZLv7dEYyxgwmbUJ4QChdHuyuWDNlYNjt+PC4FXD9DfMi0WVyEfQQwGTcmgewzUt5
Jq5Bd6Z7o2e7YZIgiT9FWwBzJoIAbdTny/lBLVbzo21pB8er3WTwcIFFzclA8UBS
qSDAUyDZt88rbb/eXcFOikJHSKC5/9I89gPQsjby8z/V4BVJHmhdiEzvu5nz6JjW
cxtHacJOl4Sq4UwrSapJRN4AF/24GoA/Lv8rSFyelQQDalRMPRfvGIpC5e6ztPCK
8PpF86S7R33iUC0RLx6cUbUAOqFAubAz9A8nYwQJfal1aA8gJK1ne876KcuQA7u7
Caz8bUlupBUNk6SckP5Yxd31gsCtVG4xtDueOouS3Y8R6NFHPJaH3E8gbnGgrY8+
E4gEiVvV0rmv/R5LVgZ7lURancLwMAYFQt/vjyV+ZhHQvqIrxHMZbiDP1oEYLsEU
cBOdXgsDjq0FcUKLo98SdFV6gVm45dGOidNw5czYEuJCzD1uFfPxMavWitUD7bAU
WX+wzFkXwa1fAOwr6UskyShHNZch2aTvCFnT8mZbNvwHL+wGCD6D6xp7zBISFWc0
QDu4w1DbiBMpyex/o2QV5ido3LHy6P8en6riEiFfZu0AuseaOdmhGa6Jy7Utry+e
EBCDFa9s4WWO5VeMbI47L9JqEPNZrFqRz8RW7oMeqcjJIGyUHIdUYQlZ01SU3AyB
fgmmTUkdaBvsCDcomvGIjVqbuLC/H3JRtpy/4JJte05BKn5d82Hf+BkxnHPmSi9s
gqo8SVDdah5qa5JrWb6Jgp+nElpJTuC3+6gnF+rcLQmGEY8uwm8HyrQios9ErmeL
hkLr76KJBOqfCDYJT+qWP4bikQovJ/Ga9t4EbQD8eK9gtXSm4S7U56QV/WGiOki7
ZdrJsgmpH4inw/GfSciTmvCuCSVNcj2UzQGXOT89DHikD9yKk8BSwXrXqPu2n9jS
m6l0ihMHe+Xa9voLp2qZXvFybghk3xuk0IFe5UrpCbuhb7pt6aV+bQPZ5GTO5euV
iV6kZw385Gfas+bT4r4a8MGYfmnnVOuN9G0cPpSAkMn++ediSfhS8CnDtKQBSyou
soK0IcXnNT+S8bhGJCNoTpYiv83DnSi1RGwUaD6V1MbilKV8JwSVt1UxsKd0c+t/
pCMuN1foyCLkVmdbvkjMbn9uzc1wists93kNzvFKig53ihp5YF8rB4vx2/7fT3pr
1SdgLFavDmgWByl/8XoGg2D1u/TQB6vrOQvUi0kluR7klqCRVfnpyy8NzwqpgmEJ
bigPgtFkr85QG7iCQNmJWjqTC5YRbWdgsTRd00tbwqitPpMZEHQLVLYY/8JAMxhV
vnPQtpNK6DbOeibeHQ8LT4UBVuMICw/ajShkIoT2dmEF29Q6lF0q3Q2zy/Gf13CJ
fjWAceBduGpkOugyColAFVTSz+W3j+hzsdAuu/KzJEOmhn/9nwdlCzkmAjdnF0SW
kMtNhT/btn4DSgfJMgj+7VjtNbA3swvFwfcZ70ndjHrMJS/OCnkGL3UeIZEHyby/
kjdA0+wYbRTQ49IXKiR5vbj00fesH1ffInTpFpukj0iQLkpOBcUcVt5dfa23QWis
sxDLtlUu70PU8m54UoDX6ZjHSP/ey54ciRou2GWTCHOFkx3UmvyAGSFPQtu/mmZH
5IZoUfWW//5yy7rVpPraQW+x1AqCqE9fUmHIfvej4DQOat0N8NhMVePtiAzJcHDw
6X/VQ4UIOzAPJncqWOeo5NbqlkIffTvb74HhGjoYV+5+LIi6pkpmRIfw2Pzg+zXg
Wgd4Kr49kuYKJfhxL5mBv9cTuzZO9182Hig1JDgkBdrkNL9+x9snHDyw82HlLCwW
xZQqiDD29CUXb8UMrkyTBV8y1nL5xvFqFRh/ZO5p4AAkpqttPbZ4u340XViBFp5h
tz4gNte3yYM5j/H3NpG8XY5aTQ4osl7ryCBhCferVSuaMKPWkWesCyorPL/xFHvS
GiTl2PmBSkAU//yxslx+rG3/DPfMOd/v7gxey5ZzxlhUg2MV+3HTMFhLGJChQoaT
hIUSSlchqZopGduE5IpsZqT+tlmSiTWwUGEMrSiWvec7Yie0eSz52TLPvqJLsT8b
d2+yCIuMpbqAPskhB+17kzZch9hhxxiPd6QQQqka8d3yTJ5PnBQInlDOEJ6MjTFI
vFQlisE6lbCFteM3G56hesH0fxpFUzyshUc31tXlN0viVf4w1rHdMU2q/AbIGl9T
lWdXuxmd9a+PzP60G61gGTmEs2104Fabbj/qgtGI00B2QZNf7O3juTTWDihaUjo9
CoBQUltzk80zD3fwC0qUUDr3DeJEkEJL2XkIC/jjJ+AQj4mzsGwkCVWuBsw7iK8X
fNfp4NGwtumlqx7P+guhx7p+EI+xLP02pkGikI7kPn83M/tze1x99uuMxkk4tLjj
LbcHuGvfDvAY8WDNHDPMkZU4QL4g1TnbycVqYlETg86LXxjO8NyOM3f+xQcbeEJ0
5p8jQbpnNiTn3gRkGCWl4pweXKsJSnyI/BvbwFeh0OC4vyCab4EISZ5koUWRChak
25/K/QFwayVvoW6UwcnFmjFIGvIPOBq59cs6XSbSOK8pbK0lpD7Zr1gGAXoC4YyX
F5thzDnml1XFfdSechLUXKVt9APoDmbkj71fDKkhmRJRTnXG3edv1b+Q4CqtzNxW
/SHZUONS8pqHjfjpRfBW4lWcPxsrH8fF9YX3DFIBiT/bcmT+uqFpwjongt63zK2k
7cPZ5CYZjKFQtpVBsnM9JDoPs0rUIWFx4egc6amFK2Dt6kDvKLWmKLV9++fqR7ZS
0fUbl1UdL8msQ4+2J4+skeYBoUrQ4Oc3R7hnwC3xEXEAywv4ZyFOT2ANVoM+jALE
fVhtfyr4BX8OKh9Cwunm1d742JOme8V3nTl7y3MDXn6lz+09khzup/VjGxYEEWYi
/PRgwritFU5piLCwaRV7zg+bK8vwwJ88U126Bv9UaFMbCHabmfAA6GL2HG1KQD8k
FG6W+6xOyIM+7qw182KmEgvXBwypby4s6wlDROmYNmuYZndo9uHrYQfcdo0TCFZh
wRfEWdUNCSzCo9wSOFuLSkI+FVUjLC7nZidvhrIN4TFOFAqlAfCr9d9SrDUaHXqO
zSbVTKgDNE0xImscHf4UIYDbw8B9TQI6G1WEAiyI+koqtXGlsNQNsSMNFBdcvLE9
rj7uV5fHDOo38IHAZe8hTmEKBb7fuZk1uHaNIEiOwEwDSNSOB8T3pnp41jpLttDw
IRl/EOSA/5Ago+NnA4bi4tYdH0ZecDOPvGihanH6axo4mPpYlkWr3tWqk22GO9eq
9tjbOaCJDWT9hscZ/nWMykHROu919TnSCTuaTV9zp0OTA8eifbLJoy+v5p5q28Vp
4l0TC+jguAn84tcMODzw1G1kW5hunbR/BWHQ18BgOHoQ2S4kiPJYuzM6ug9tRvlO
GcBdcanni9T0Ak8DEW1HOnkZJiwkqqqWaNHXvjIQg9xoux//Jcqt4doLRsdDxM4S
g0v3kchBXtpYwjnvEaBsV9pq33ju0F+yUm+oW797DBddTt84fdx5yTX4A/2FqdEQ
4KeP9hlWr2F8n2GBiw5OuQGXm9sP1MlS+dLL4jmiKLbw/z26S3QXH9fvLJhsmzSc
KUYu2nPSi0VBlJQTqN6fobmZC/qSoyKftYuZa4Ujq2M26WfeplsN6y22DOXYSWx1
zEuiHB+DhwjUvfLD0KU+QZHBcGNEPZzNXQsjknp38TXWoLGVlJmuS9xv3ZI4Bwbd
8vwbdrzKna+RSMbP/CIS2W9WoMpUZGC51OqFXT2aJg8Z8BSv5FCrUWKyCtKjUCmP
Veqqp3hCKBabG80+PaYhrKFxWkUtbpffOZ67lvUqDT6oRp6ePVDKJZqEdsxfPz7S
XggDuGdvDhMVldgLcHslQanYPoWEhyBSbNilxCjLtqIv5dNvQKtCoANFdfE81JcX
KGw4Q3aU0PqZHYsm1L+BB/8dm7zz8bQsRTZK8Dxq7uVfqGX7e7zM/cZgsFpGKucO
R0rYfGBPVDBnumlD/1ZILM+auo5zmJh9JYVoWXIp7Z7tnDG3tlPtfZR1EnVi9HoS
RTI+TtWCrC7/nhMkyERAzx0a5rzaAH52ZsnuZq0QGMqaxZ3d0pg8oZDXS78hSewn
mtlEB1VeuiO5LwJmhaichtZLXElhWk56W9Fz9ZJY9D4qevHZlOBGYLHQLRl5jVvJ
UN81z82rseDAYRqssNnW50kDBnPSM6qtMl6GCtzFC+tdpQ0Yhy/zHjL2maXBPq/P
d/vNBnoKDYafjuT/AIjqNYgwAo3V7e4LVUtjKtmmS79t9skn2rv+cmenlJT7PmS4
7ZHt4tKim4Ej43ECrEb4CMn84wpQlj/vpkbmHd8go6S5ForA+IwbPe5l4JyqYISm
YupKLR2xrrYviWRYbNaFgT25+RvCHEdhPenqP+PHU/Ee+WFXEh70z7X1TtumNiCY
gnY1Kah4kl5ZtzicisX/RWHYi4Gk5jx0uznOHjoBvydePVplittUYC6XT7QuxtuS
EW1Y9ZEe7URzUzdOWxj7a342E/bTekKpE5C8Oxq8HT5IXRSSni8BODLY5qay986M
2AnVFABEMycrYX/bCdjyRJNEEYgfjiHkZLbrGORlzbvTUFoFIBDpS0R8yXyLV+MH
EjxfjYBpJXt2T5eHU6cMonv+2sOSPXfT1QIuU42fXRIuvV2WKVMCAkqsMX2Rtwwy
ZaFJKn8utvFo/rbL1JIVdO05siRsVgXU2vrzQozkrMwRGfP/Vuu0Q6QKydObs5z6
zbeOcZs+nyaFrwaZTX7mlKld2fB04SmDw7pwOl7RonWfwiDSOYbB7ZHHmrebDrZ8
5HjJaDOq/DULXQ1Gi6vooeTc/Soh6n2JMHR+r1E3d/DGtDtx2zBSx5kyuzro2bE8
3IzQ0vKdDDOTUhRwbSXaFCDhXD8Mmnq+G1k3KZFaBTRrz9GCo1aOiKfwNVrwmrzj
2cHVJ0wJulrIGQLrIcQnzsUHRbJOQgxVoEiABfK3Lw7mxBXzA6iACd+XfHP5xsxJ
yT5nuMSsFOmSVKGHORYe3gPO3GpJv4i3/UpZb1ZFOKNWl7lUPiJDiqmozdKLIgfd
AEOQefFOYtwrxDTVzn611V3EOTnBK3dnEa5C92WrhjriyrVK1LeXUu3Xwkok5EWt
84dItOq8lbKb7gSfJnV5AxOgLoakXPnRAGoZzmV9pKXE5Mi+3l35hnPEnCD5ng2w
y6vq5ASRPY7NVQTkUBhyzZmk5Wc8fJQi29+VOk18+XwqVIAaDN3O8+3sROFvblDj
JAQ0wb56nn+hQWE/ZyKMb4hk1NLlAfhsaC9ks8fe8ZRRhDNRo1WPN7KKfuHj2MAt
GH4UWMP2cXQzDZlgp5BOOtjt3V8PY1Z93Sl5MTeCUiYH8tXO+hVr6yRl5Txhts1P
HP1C5RlEfcGpdSUaCbJ6xS7j0Q0qHQwGnF2bDZlF5PLW7m6aFhyKhJ/sHh0n+p+X
++t21FbF6iYkfWfk3vMP+lQaT1NgiuXdpZJkv/GDYvC4NXICCEUUTHHR7uKMFkGh
VxYkVTbLebqQh6W9UIW325jru6KqxPAUnHCmGrAH/VnGCycABaLDzpEytOiTjJWh
ZZ4HPF/+ZXeAZX3v8X7CUeJJmHKJD7FEtnA5wUxnCNsizoVVE7qVAAgQgB6q4ovU
fjkxsQY1S91affD/2v4sjF9pxbbY6eA2SKK98URO6h0+fXFV6Gu1GHkf1uxwZecX
jgdosClFni0G5LGcpbLHCiamqO8kNclwHJp5nYOra7DFn7WimEcHAFzcrWm9jT1x
c5GB9lsvBo5XN6TZ3aJR7MSMXD4aiHfCHubZBJ1f/lofZU32DGG/TqA/AFAT/pMX
yELj8heWXu7fMQm2LyZGkpzuQqYnG/32Djxxh3HkL8w5RferxQuIuj1JQ8gBUyjh
MjlBjp4/GPNBWshnZHESKeRekmyQYFKyQIvu452OnyIcRiNWAt67VHM1rD8PXtJl
L8zIwlkL/9wxV9zh6zo+w3WpxDmQ4x6jlrPMcROsp6HzWv0bqhmVA23EIPnjm7KS
bZOHQxQWAGYQ0zlDOn3d2+nxh9aX4aQgvu15Y4vjZr8UDEgTuKGveYN106EYGH5b
dUhgBMNIcyeJF8jXhUDBPBj4t4zvsrVpR/XZT4m9xpGm0DUcOiFK/tqucWSHHrHF
USDEWh0IFPTcnf0KkLZJ6zogCe1s5bbL2LRPptTBMCb/iXlZ520lWaKyVRaxVRl0
Y0EFxXl2yhcEAkYhQWJ7s1gdJA71AXmj+C+YRVjz9AVUAT4iPSzRW5/2ky+zhPqY
MuOYQo2O30slUisH/igbtqhQ+U1V+YLNlWOl1Re9j2U5lizV8eaRdEWt8bYiRCvb
s5ZXK3oSvpGQA/p6TWyGQgq+oiQc7MUck7Lf4nKBFl+U9EqSLnRVp8EAlpQWrESB
tqQKoM8xHarDtmiL6Mtataf0RFDPeHqVFzQ/oJsbrRdqvx1I1ruYc57aDR1PgGS2
REbtRZOBlq7pN/x3RLsXRKC9mEhKWNqHmkRKXCuiHW8HGupKHque8+Sx/eg8iEXm
wC6sP6h+OJcCiXYpyO/7y1RJ53T5kRcRVMTAHpmlbAbTBjrcMLMDIWzvwjZYHq8B
HzIMO4VZfz9WVho2vp3AbJ8qOP+cMlR3hghn3Wiv51QJ0g4tL9AwAHhi4bHa05UZ
H5EQFRkaxjTFPrTqLtN7zXgm2ZKeXJM+bAAuYbcYlFFhx+RC+9IwUAzdgYdBhcRO
3NbDKN7Gxjx8gzTFu2/dRNbm7/kv31xlKTnRjAQSWuSpl0sVUKj4W2KYx4y4Ca4O
B74Cl0KA9JArO/v/SPhNrEZ1Yr1M7ieof5Ubofz4hP4Dj3Mkminzq1C+Ci6Y8dFU
UcurapLOMxTQTuBq8yEIjKy3Ufsyxaz3SJeVRZbgFbO6lJlrcNvja98KoyYPFzM9
WYV91KYms0asfPfXs6gtvbOnKG4ouhREWFxscDOOLQnagFS0nyRk1iEMsQTGs8a3
cCug5rWGfP2/VHibD4ts5YeJevCh97wEZyg8YDIgQmk6DRIodArzoK8KyHJ/+zmS
GgPQG/gttAdOLdJU63wfCqkmpDE9fCOflaC/55bToO//p/uvEnZXbYOamq7woiA2
xXQ5uI51Y1TlUKnHFXowWgr/bzH2Z1KkDifMKE8In5EZZejdeycF7Nj53d74i3+/
cQA+KGqJmg1p0cBjFSB4CaPRM/oufSGYMzLDVzfgxwiqVlodotYvqVnNS3lPn7n0
bVbBQeUl2vaDQhuDE8Zd3ERzMxRY8eF0ZVPS8WmhaBOATrioNTxIisCXOl6dslso
kQbFHDS0XYWwl9AYe4vjy7KH8uQx4RCrmuwnxV6h6S2NrxFFF+cEPXRCAxWNkI97
W18SW4OrRTh3+hikRGuQdY5da7t+OTdeEoZluPtX78y67jyL6yNfSQkP64PEMYdo
WwKoF9vnreNKFHoQt8m4ILihyGBSBM7ZdomdLzfg4aAoz+GL8D3Tb17qya1Tlcf3
rZkcHFrW5DxZrT3/Yax9ReEetgNiqCOM6zRuAMeA/JIYjgeTXoiJlwJyCwvWsyMO
THs5nLlwbSWB0koFxl83HSdrGwXOALaPvFOIHr9tRDYNCaREI5g5CR2NnTU7v0fD
QA/tGrmaGiENIeBEE1OLUPZ/92yitQ+35S42VEWhUIuDwIt+w+bz+RznbQXskCze
hW0hyLSHyNzRRT90o7Yy2KsQOUg+ALrxtfknqC/ksZR9cwxx0xwO/4J+8PopxiHq
W/KT5tBi7gkveAfgVniwUzz0o67uGkdBVYzWF1Y9K2WMeESywRdatS+cVAxWrkJD
UrjQZOvG5WFeZTSc91r7Had410icCevu3I48DzJhOnKW4xJY1rF/74uVJfCFmEjk
WCGreF3xg01lWlPIj5EOHyG33gg7io21oKVrVrPJAQ9adZLnNnIbOQAX2slckxyw
bfJWgqLr2n8ssHNKmkPK+ItU/thwRAt14k2WtSDH9kDpMMgYx9bmIOw5nioRuxm9
AEdkBnKXE8NvqTvLdn7fCeJW+8Ty8GQ44XIFMaXGE1nzB+lse+caynzzVd7bH9Fg
Yc4iR0HouKB7aMpGOnPrzW9r/4Y4ZLFgpWmY0CSmth3nDi2FZWDShcr0vtl965B3
KdcQzfJa/okNz5aEhQrnvjwM0hw7qZdNQToElrkfK4VExMjp+iLRu2k9kJmY83TK
4CdbjGSbBql0qCLKGShs9xysopnlOl6x2x0dsiz31ACQhknvaGUjkTVLG7it6hXE
NsTv5GZbn9GcjYDAd72a7NtYycjSCL0HQ6yEcirYfCOwQ3w8SBj1Ih0OvSNP505e
42he3ZXh0GdZ4pXMmDKd1RMXJ7q1Zi8hm7u1S0aOhDAVRzFxlKaOVNcFuerQ+3vK
zpp5fRhe+69glB391tFibJsOjYmyhpL/OTGYw2PVX3DJp9DWaaHb09uvzMCf+oau
eS3Wcz8TkLKk4Gz3FR7SJZ/jaGFYwcMKAdWyhJ1kAHx43llUJatpG4Ctim1ZBloi
3baJmahporCU/eKoCuYeyVLbbkxCGN0sQXlD0VaxmJbs1vRUN1oozY/ScbP2OhZx
P4dawdkgEql4/Ts/CKbUySECb2bp6gyC4RTKOzbTdYMHSqbTjwTwW/6qgGiXFSuh
DgKfEu5x8Ka/OZ9m3QIt5g5/zCe+coXD3/jkpTSMeT7I7nIXST4uP2UxumeLeSts
XiG33hWn/Fu27ecaiObBtwMXCiNqP8x53xYIIlKHbr/MvUy5Vr5NIWGoyxbJDcji
c8VCZhZja+HXWSJ9iO7moSMQS4RhUBSfhUobM+gVHJviC9podi+ENELAng5Yqlef
h6D/GREo/bAcpgltKHmoSYeKHMQ27dazve3yN1R3eZzmZSds6XlYhi2i7F045PO4
YWmn7WkTFyUCQ8kv3In+DDgYJCWNAAZxEB27wWSMU7n4AMbRTpAOUVZNSVqkfu+K
X6whR5H9GaLy04FUsCW7ouhYRuLhj8/mRwLzmvkw392DeWnFk1rXhWA9Rfd7lf/e
V7M/X3izFkg8/Nbp8y7fqWe/z+lOCJfqYrBYu77V2BCrakiVWVnoK5SkR5aZBF4W
qDhu9gIyFpgFBGh0LRg2pQfOCX4LldDAJEI7LzPGUm24AT+cMGU67FRNonHyZcOP
np4mNOD7HMccsmOgHUFuDQbD5pbNMSO2IMAtJLATqV/NRGywxHPQUTqlFX9WDGzB
OJsfxwYlWcQU1EOWfqrjUs9+WapElUR3byFiv9Kf9x0JGLAwMJhzwdMbxecqTzSV
Ezn1xicjNq3a4a3/jB60PANpbw/ZfpcP7FxlJURi3xH6+kuuGLGm9cU033MpfdFY
R9RKGJ9wi56ddlxysuyksWJh3sDJVDNukwf2omhSvC0wgu+o1Ydlf00Otm+ayZmT
WmCWbIvdy8uwdHtx/VPJSRbsnHWtZSfFnQhgpaa2v0vFxiibDwT3JmHtvFeAp5tg
Jy4Oo40Y1ch2A0npUSpm03C7NyNwPx6GCIJiKO0iIO47Mb5FhD8M995HLyyMbcUp
aOBQlYpWHQ2IOKq97yoEvhfLi2QDC9xs4zk7bNB9GklY8xIb6N788dROs6yJ5V/f
BItOg0/6uHwNy5AJf5ONtKWeaIeSt9Qgg4M7TVgyc0gnGK28H01UYkjSy0oBIsfW
eMM0gEzuWaYAiGRN3ebiHDOdb3qUdkWXORpQSMyrF9LXg2XQXEcQhSDpcj6oSoBo
QdFcyesfLjLPcNSuWElzJJr4jesrqOhEmyMSjwvo3HvSRKnOLpJux9xrLw/Xpq/P
1UtXLgw+fZkBUf8fJFvZEHNuKhFaRLl2ApLzIssfP+eOoqsEp0YMTkIVnraG+F6x
NuKCqBfjXKd35U7CZSwJigtFKNdvblGPDsJa73fZ9wHOraQYUQjwhDdmBl0N2C9x
qFnvwkW8fV45sI5BoB1SW1m9Ypo4l9PAKsDFHnpXhxj1iNs5+6DO+qkDcATKP/k6
C3oG5/Qg7F6li9wI8nxoreFjDBWES19+9Nxjvski2oNYZUeM4IggLN+uR0LSmj5K
g8MGGQHOdMngDoBjK3vPyi/TKNzjVn8PSLoYgrl4PqT63iN3oaKVavYAya1KPD4n
XaDHHINIp4x7tsdlmqRbzCXQ3dZ6E9RfWgE+25Qz4zbAVRJU6Ktdi38/uCSSO8qV
LmnoKfQ0qz4jizWa7k1xPJn9noYMyNx859gzrKqUIoJiLqQms03fX8EStiBDUoOn
vMS6skH5ormT+bjA6aDQrylf7+A4YJO7LFZtRwD1QJ5HfKRZkta4xqbshuUr+k5R
sOnRq+a/T6qZoCsDnnfFDKs6p0sdycSuelQeVQBwxNkbeOxluQELdiQHLBRET71z
DAJ5hW8y1XKK5GC7+L+b5Skz6kSyrisJZbmVNTC/kULHzRq93sKRPyaT86NxVlQP
Z4JQ1hCd/1+NdsAvIYKlINw1iB6hT/VeOmnsPaVpQR/WUqbvEovp9YEY2SC8SoDt
+pyeUr5Pfj51IlJolhHt3IwfKQzlOpsZbptNoidLUaIF7Jw6pOhW+EJMR+ghA1tg
kAL3EdX1ib9uRuGhsy8fLwyoKCukdl5KqYcFAKEjCaJmARKdJ6jW5Td2EKk8jhyT
uXrmye5bibxSFceXzOdGrFEwUbGktSipEKpb/nTYkPb0YH9ybzF0Xb4j0aImFE5R
n+OkIhmi6HiA58NZllVoKBJEJoaL39URAdc5H8OwPEKxp3koTko/+xKA8t0Zg/Xb
i2e0h4tHcywQDlykfM+fndU0EpTCY3ZtSizUebRLFOFGhKLHlCcWvAyaW074+KhB
BM0dB891CigZKRdcc71Dvy2W8XWOpEf2bgRPX/vUu/h7JW/y30ZO88sqFTmlzlUb
oClHi1DxjHZsz/bLdVgQaja8exQveeA1M5oatYIy5nqUkPeXxkyxz77r4tHsoDzs
zJ4oz81Y6BzXUSFsQ4pNF2mUwyU08vNfIJ6j0HKJ/cT0KVTBmfPv03b5D/ud3Q+A
FOTE9TWI88vmPhiy//+sw2u7Dt1uKVhDVEwcY3lOui79fjCQ+Gllp2x4nL7igV5K
dQulJWB9NyxBtUmMD/Ur8VQy7KNHswiJdmm8dyhm4nWPX6HB6UwSuoNwRiyaXTpf
VYRGhDN6iUmqgDLvEsQZBSQZ6SlfakQhzHGn/JdV8REu0kPmZm0abX566EYOAvzg
MlF2X+xqILpv4KnJj/kDOFrgISZLWFSVGpkoxxKKxAQax8mfoNx391LYMfQZ1vkH
PnS+EJIBbaFReMwmNPHmjmwDYDrLqiTGOA99pi/o1chCZhWuWBmqksJRi1WJh/Sk
qbWmT4F0q6VK0eblM1Cjrpeja4+JsfKcT33wHVvEmSOyVtEjw+/FP3dze8n83I1L
ahAnVql2jjcO45wMyBszOIBn64TyB9C76yKIIdqcyijhnJl46drNBTJS/vqI8Dlm
s+Txifa6gH5tPjBVOG2H3z8DZ3pGOtEldiZPd2atn7LdYvz/wCssx7+EI90DqoXB
oXue9IjVDsIifnJ2TS+okGMLoN2drXPau2vqrAW5DhD29oym4mhFB04YmEfqPZyY
AKv+pc+GAYnYU8ppzUBzRQ8QIlBOalqEzIcylmBslpSLrmINn40qEYNVD9kpmhz7
kU+OK2U0l+OaWmRTLAsyU7IrqHWosQuG+zldqOd0eL/qGILy7M0m3aPqvV3JHO/y
A1Tt/c5sKs5QYpxb4kt2PSARQ4f9v8YSf4j7EQ4i1bVj8tfHp5+84NgOMmvSXgHi
OEDKhZod+73yfIaOK91zVHHOyhgwSMtKCu7BPzHelMznDecgX60cU0PNi4w7uPed
X+msX8iaw/j+5yShXm/080qSh5rVrivpi2W8+6pNhe4YhmCyocnz0s54Q+KbgICV
YS6guBJpC4ITIB7I3pcIdiY9kfIEhN0gAqOdKZsEARG6QMKBWlu4yBd3PLkFEoA8
G/WIZw04ULex2Mi1ZyXguo6DWXQ4MeijTITrc0uELsiSnjA+qy/G7No7lYgKTtsn
wqyLggSEunlH3J3nFHLWgNif/eV9rXASsarnSdxWMZwtelTtl9BQvIWekZm3rk0h
ryBUH2K0/FZAiqeBnToMFWtofGitIV3et4NQOGyLLsMWuUlydYPoy/OjwnoVO26Q
+HBiE656SoZTn32Tj/ZbHPJ0HFqPyHObMt1OuyTua+wyPMDU/DdHAEY6wY0sBtik
apel1vbXBJ+Pekkt6i4GFJkU/nd0a+6mWx+qo6et2vvU64JSetKNw3h+7xpbOVCk
0w6iNmE56Xu76/vvlz+N9ur80UJqO5fsF9R2/CQ1m0UnfvTgdIPCDfvXCRDdnOiv
Alqq2FBH3cIxdBHtL4b5QNMpXaFnxuRy05jrfa10Pj71JvSGoX0VbWd5UnxQrGw7
7YFlP9yu0L2UYJ7ThOJ4oaYVcXJe5Z9c3C0ynk5lsNKHmWM5Bc9TPhMGEqaxF3T3
mlwEN6y54Wuo0MrYNWdQy2fHr9uZvX32ZI72i/eWc3AAUUbv7Z+ypVQIk6dSBLR8
wc+5Zpl/xr0xnPoWqWexT1ZAhAu7rkKcv3ZZf0rCFa40DBx4tyACReXfZ3qtGEzx
CnZllXDo2X72T5KWPE7IrFgOCcnXPRbKprsLd1bZJo+97LdG03NgXklKYC+ksSyp
1XdeKCpYHfKMm4FgRwUaU/VTOpmFo05wIUDKD9Gtm+ePqcqpMaqepSIYvPs+Nv3y
atUdv6DLZBZbRerFIVzdq8ABY1M2D8iZAeeMZX51Qc1263XsNqcNiMhXRJcEgefR
5CGipOOlZ78zF3ZRF/X0QGX3hemGl3rQPYBef7CkQXTKrVL4nkWDhR0QENzDwwng
vl/mp5jph1LEt/EWcRCjwgKl6QOVbfhYJQDnrdzantIdRsaLGk4r5WSTAhyWw024
octiOG8h7ngVdOh/r2H1E4QrcY1CYlgAhaH0YyowzF0QBPq/y9rrOgLuoO8MaDGE
lnVZGsZBhQni4aTWMdq5PTpNsxA/17RD8n0MSTvx64gysvaI15VZKKP/KRFMp8Hg
zq3CHKcXKfXDxn76b1BDl93cCaCCGCUWC08r5Luxy3cWAoy/jIVo3EfXhxkwJSOv
xvDMBkt/HJdNmoc3ZdFYVCzfaU03EG2M8QtH9BcFm02/UMbMliMhYHoIK0eK64J3
AJpN67r8szZncSsjJrvYdB+ZZqUZ7qOGfCp4aObmnVb9znWqcE6J8Iv4ZTJnoAMb
WcVtY6ohfZLh9ffFZjcYkberJiEOFd0pK5OCVGZFnSL+507PoRe0nVcWzStDKo2B
g3vfVKG/D5JL5jR6rTXqcXHfpEv3rt827IeH+s6jxNLdvdmYqX4qQJAcrUbrbbYs
lzAZUmyfXzYC9txqf4lNzVmySYWMtGK20PDqld3Uff/55M6dWRmxidp28QPXHu9p
IT1aRtOeexzbWWDgNLDxiJM6WfewffRHKRTb7kLzM80bmw50P8TLu8HG14KYh7K0
wuxJUcv6getu7odiDjeKaFjh0CS1faW2qLmOxgfUFzg9/PZ22ijDIU/y5TKNbi9L
U2H7H2GLhcDbbVII+k1Za3vYtXOYn0qWGWMEIPlW0gAsvA5yocjqNE3cdIGN46nw
h/Yz6PzEYpGgjHWQVRsE4Le1Egmu7gr5ObXhppmLrC1mcLUkETqwTindaEnuUxYB
vtrewlp8T/z4+/qBwh18bAfITKoG5aFZlSKJ435nX8FPCSN59aZnvlJcZeBKJPB0
fhEKnKbFBXHXDJ4JRyqxqWMHu27pCvPbz1LubykfzKPacenyPwj294gERULbNwWe
fASwak5MHTByDqOulDNzIk5Ml5oWqNebg2V7fdQAOUW0uufCBQTAQbIhNt3AuOe/
J7eALBqJa0sLSZaVAsWf3ddx4fo2cyt+DPgjh+urFBpqgsqxM+kg44icDi/y1O+L
id3Pbbg+FGnhp5vzlBFTZjcANMoQj0GoNgxupcWIwflDBVuiaq0+PMLL2Om4+oTP
UDahL/9fcQ89myAgGA+HFvX8NuG30mTdEuZUOTxwt+tfZ2FVCnBXoJ3P1iCqctIo
TnlwsvjbSoMq3Gl1LakG+eBt/XS3J8tawINzlHF0TcBeoYvZkQ60ZMeEytJaCHfY
ZNfEtvjMQG2zHvc4aCW5UO/9hbJhgOvyapYTESCGTlZaALv5eqlP2d377AFaYWi8
+2dC4HPFkfc6f4MJIi+epB9IBVYcMpwfEUhfajD4TfyCC5Gm+AQxG7JVi8Z63BwR
KzSU22cDqM0/V4z1vVIV1rsZAFDF8a6jqta3DlfrcMGty808TUuhEEkRz5Rhppz7
ygu7fh8wH5HNyD5toR2iL6h1KoeBx0iKnkqjauWPtQUtlljn4BXDxCbx4hcWrIp2
VDRWpJwTwdVAHF++3muxB5+ZxIZmYdPcuyWaJHJMkJj3FLrZ7MeaaD+0JI9M8ZUr
LuazVnE+1T9u19zf3tngJLv9TqG47wlp6bvIBQpGbqXGT5qlvBRShxeQ24zx9JSW
JBJf516zDu/Zpogit5g5i9y1xxqFvPEfpc1g022VgJ5E/6FGL9LygsBT9QBaGaLZ
C8P4XvpCdf14XYlHNEM9698xsheDrUh0NuzfO+4XvoOTJyWq3/vVkuETAM3PizMF
m9K30LFUB+Sgjg8tHgdT3P8Z3LtON5L9jBiGMufB8pV+nDOc3jvmeJAq9BNtVTfw
4Gs2E4py4LEDVzPG8RcLQO6QCM/YWRb6eTTuq4NUtyGiTGcMVuKYsvma1ktr2axH
I6JTvjRv9XVinDM/93Avdyxeor2+xFxv2kzMv2w/5k2DIUzn/GAq+tPcmZg3mw46
Hj6k6+fZoMYuOkcSkbCTTU3MbVgHj1eMWVLI/3280eJlxXRXjp8Jbl1tJVK8l9nV
TJjdBPKcZ44rUhqLJ8smHDL4oIi3K3N5UUyL18WoqSXnXe/YINDOhTyWezeHde8D
6tf9wp1FDGTB/fQG+7QTxRudTCM1HbfjTcKObWfnI3vzEyuh7nGl+T87qvcOBHBe
wG9RP/LVwY1+vOMILHqNXyHtQMAeQXdxbsx8zKMSdTSm2gomxq+lz1q+fNdS45Js
heHIAgTnd6VrY+mSXQWLNCn8UXQk31JNIinjo7jfzvfE/4VNyayQf4gL1sOKWeTr
gBAW7I5UiGqdjL2Am9NNhEAIisnjU39PnGVUxOya1zlrU1tdlHUH94oa4qKpOEzw
qLRaNqmoiwhWaDnFPk470tlc72+WETIOUG6bpKpRWG5nu5y7aJH38pDHckh0XS2B
CRknGYnovG45l1xMYZctU8yjhe9vG0GruKjTFVTFKw8o3OH+vrPFxUUxl37cb9+k
8L/9RZsU4Vfxb6Qli8bsK49hqternuVce69j/9n70SOsmb9MSsLk6bfxYKYcIA8r
cXWAxCD++70pBDw10ysb+lR6kYkgQ6oeiTGA8dQ89ohkiZB8fgLFI9fntqy9WqbR
P8J3Q9nSbd6mNpo182IxSZNc1FBdgH8Rn5XBUZBtz5pJIQ3SyNyyD705LATllnSC
yt1JviW1h/KNTANeurMVpdzqVF3m2b2YrFAHAQmgR3bpNQyjDUlZXYDmxtZVZzob
FphK6L9zqncZeHp+t6edZWBOiCjKBv8PQY+6+SGWe9srLpnOmbAtvSwBC+OiFM2x
z/eeGKNCYv8hP/nZmwjwEEBEJ0IXdqZLDzYpVCTl2OpnnEXWrFbLOkEpfBLC2453
WgoGo3YiMn7HwBAtufOmiLFCbWAUzvAGH+BI7iHqMVSWDKvBrvOS1wKRPCDvtxRU
2v5Vdtj4VRjWBZ4MoMm2oRZF2gIGQhNrO9L4gF+6wyGR8bCu2oJhPr9TFUS3trvA
+86G1zegq3j+0qh9Nzlag5qR7mF5SW6qN6TivQUIfvxkW3yslMknWyIJqqbkENL/
xDnxPmnoRdTwkeZcLf96a3qqd0bEcXZvmzfveHJjC8BeeMaBvTaICIDFfZJSNmK7
51SmPAPUDvU3vQf2nodfVak43lz2rDXOHFwPIxtL0eJV9cGvqANL+RYVAtzfHQxl
XtBf6YmFRR7ZPbU8JmlV1K8MyCOCIHJworMzJGzi+h3bSrVp8D4xvtUGCjcHMBAb
43iBtOt75gDegyY0YRf7KvC0+US6JCNu2hUDxK7dkDbAyPMkDgjlrIPz7AUuHaUj
JRh5sYogDD5Txh3eePnQfaYDN+ii2bOUt3dmWrgkHj8bKOHcX23DV9zUGbvF07GC
ScDJ2T1U332aIlFjhI5FO+R8ryJ7Sn9jfVNQ240ciN9ZTbgfF1CKizlPuEl+P5YF
xpCnotYiYKnuV9G7YcYo5U8PZsSN6X7yaxKqTLHNkOltbUyA7UTNdc7KRT265Av8
/ImD80AErJuRFH4eYDVE/1lxdoMf0waVjoYUZfmRQQLvtqnMScVPgPB1irLLzGMf
Kalhk40bWM2Zg9ZH21ggd/1SWpGSEoAhXg13ADmG3fYtiV3iropozNmh7muwQ35s
kqQFilc0X8sV27l01X89mmDkoLKSykiOuLoaIxKt1PA5it97oGszsavOJuRKCkqH
BOrss/MoggSOusjgvnB5ZxDGzlXHHE0S5u4tCA3K+Z03u916Hp0Vfu6dG+bANL5R
EHt7uQwmZfZ3Ai1pxbXcG/lBqffGYKSgl2u6I5cdbx1eLA2VUz1ADAOei5oWe1zN
Nvrk556eUTE2181w+ybg+Su3JSSGfd+RJnkZBs5MlfZLetCnR01GbPAYfRhgjUxd
wP0UMNQihTRurp+jsnQ+wNYgvPUkwep57wokpALNVxDyLVkamQkv09m8kjRCjrIv
NYgubxJ7eL7qbJXpkFsMEvwJFUOAAS1lh6WBNwbPmoYqnvXqTh+IMj1BiYG31r7W
zA+Nw5M7JXTvmFG8fHhcLeTZ/9hOdDbIkvc72ktK2/LJ5TtReWbFRPMMWdKAlDPX
Xk+7jLlFznKTrPXnOHrFT5AVvcvpPy9mcmLmva2WF/DFBVH1Ld153huXOZe9MJgN
i1vvfAFp3FUY3t17yWtS/LgjNEL01JBbfBOrb+xh23QFTG9N9Qk7Lds4G+sW4tTv
J2E32bFB2nkMNrnxjxsQIcbAqQJiB7PTAUOk7pat5WrlCw9FFPkkm7tkkIlVA8eL
V4NRKlb9UlEoAu80NaChhAI5cvDRgJJQbrQPc7qJgA1lorXF2gIj9u40e+cVB23T
FAQJqQvn1e0zXlaX4Gyzxn+l/EdQLHnmYOb6joMHq5Eh2L+ZuIt2lm9LTlo1yBor
vDsLnm6CGCO7KtOB/1HCgT+UzgZoQqZpNxdNmcmDkSFwKcXYJpOOmXol/WE/MGfr
q5EYqtK/7nG3vlRgivnOpDGPOgco8StZaaSHh0RE7zHD8GWQLipanaSM6fNK/Cpt
rXgUpo2d9SVowuS3akN7rPrDr4TFw0z+V8hUHUJWIrkgxl4yrmD79a3+4p+h9kDd
FGf1zV+qcK0yXn62CM5C3/v6YS1KGSPIGaLQWl1cQbZkJg5qf9angHJy/OPrSGvF
oEU+C4zhYUtceW6aXg0o5YvBroRYw9KKWWgUiHNewies7lvVJ2ZHusBigi1I8X4B
/XB0xGaoOohNKdNrQM2LPZx8c9pnbdPk8u1g96WwvX3tCKa7GvtD/ZLd/iHUOekV
qwKbFBwzxf1XebSHEx2ufG+Iggk+69mD1zgvfGFtyxcDIqB4++fD00uUrqJPZHUN
9wXWPIwRspd0YOWu8gCOtiPBNF2PQcmpCqSxjJWbvu/Rh0LDZdY0O1ump1PmEMHY
8htkwkJgf3xV47lJ19542TakVGNe9qlTo8Vrr5HheaHRSX32wwMDC/5LwYMnmIrz
u7ogksLAw1LL9+zCVi+UpF+lvpZxbM7+NkEF3A08RKOvFJpS7N/ySnJJ6lvlDIqt
rPuHnY6AwC6TYq53wXozfc21jB6algflsrOM3RnJ9vyfra4vOl1Hf91YqPT4TUf3
SpUm2vMRzfYMzmUhl7hDXluN2nUHsUsGff8sz1GDzrSsua/12oY8RCawIuhPpOJ0
M3nn2f4MTnB1rOU9dE6WH7kyohYPGegxfOiqNEi6rOVqX3864+k/weQj/o8In6pb
kkpxJ/EXQ6Tfpnsyne115yhWibXDUHLH+iExx+KtYzu8kGx/gHeZvYSllFeNXbkT
LeniBwFsYjew9mYPjwPq1aQ8NATKJungkDVEt4svZfBsXdqCGLDonPsK4I2PGNnK
t+JtYsBnAJ2v8ZoeIIJ1zCKVfVY2kc2SPmLweoejzOmRs+B7WXBtq7w519jkChll
QxxM34hd/1vR4bmIxZxmemmhaui5FUwifzWSOIWrCULZURUY7eAW0YWM1KL192A0
s15dqIgKqNLZYvr/0YUgn6jh/ZqW2OsJYu+xRDJ/ZMYKpgNIUAa2CBvpJGl5UYp4
oE0oIARInlJkitcQBnXArmhw2RGq/j7MJUtVH0awbJlmLMocGG2c4zdFm+Ug0W0y
CTjA6QIctxDXLxbuB4noN/ht15gkN1dmS29i84+/igxX0UFmvLU+SWSiakkfFnMk
1+nYHLu/+sMWnCKkOrFAZbx2r9DxlMchHMuixpbHzFmD5tApan/pGwsjXaKTbXhP
Ws+1mE1HcsVQSHBua2VAYORg/Ga/hq2Q2rp0ertOMIKgdXWtKFg6RpkiUTJZcvrX
+c7bRs9tFZ/kEzjmZgdZv3NU4vNS+ic7/SR9LxXxpXXlFg70OrYnrRWZSUWvwkL9
+9Z9W/FMcSFL71C3XwUaU6tzNMFQbdpyAzGgoNAg6/sUyx0FOY4VZLXnTkzD7jAv
P0gI+cxQfuL8XT2D6uOMKadaiMSSy9uoMU+cXijKLBTTer0tR+6NLvVhZeEVZPbC
aO78FcwK3etkwV87cW1vMQTScv3j1fC4bSRVvDErwK0184+gU9Dr2MH6Ldg8QqqT
ZF8chkHznEavlHB8/+RbvpcjwtSF/5k2oCiEVJTK7vq+HRbOUebiulJ2b5f+XDIM
V46e6gxA58VP3OF0Tps3eP9ywtw3pQNL5xjApgLxIphS8lJYunpDJu0vN+mxYGDy
JHVbYlz51KQKzoZfIH8tEl49pNvlt/e/sY2ErKSR5Kywz7GPY9J6zIWrqt65VnFe
M4VanmOBqH2I2YJZrfApruQp1jmZEvDcgjC9LBwKxqvGGjxVz1euGYiWOa8X0ghg
klYVlsXCMJaw/3sqVoPsY7V3o86VsTrv64eAXtFB9Mevb2mYmRSWh1A13g9eIgBg
xK7ACzzHSR19lV5e1KekYZ5hEqRE2a7YEeJVPDwGaCvbbpLirlBmgReW2ajcIYZQ
oLqLvNawNwkiGVBMw7oKMLYJsPy6r1bdNZAp/Fx0zvoOEC8abo3CvNcTOT50O8xe
rrOFDgSECBxk1q1tycEhJ+Rz6Kb62B1zDr8UCFn/RE0Sq3nGwtOCtWj96UI76yO+
aWOq60cDqyRpUGdH1OWWzC1hBY+tNQHBCmJSF76KkXyfyNxdAm4cERJDG8U5SmjY
sVEXrhfMPthnz4skBRxt+nZ8iJ3EczGIDwGyFu01n1RPFTGk8szuti5Qpt8QNavT
b+spnP/6Fl0drFr4DoxPKOs/Q2eG+QwhN1tuom/OTcbf7yax5KBfR1v+idZNt6QU
br0Ae3ogaUuzYlBnxgOV6EOuNB9MIsnZ5Zzy7a6r/jlDQ0fA3RO3RI5D22bBQcme
LFIuEhYTbf4Yzbf+fzDVhZ7a8JJVlR0sk7QWkjVVItgN90N87g8eout5THHBUjGd
pF9ZfPH2+A7qAkAmWZknoSMc1mjCxQaJp6EviJ0NcuzDZCcmTB1w1pnha9O8sCrA
MGSezPNDjbxYXpChWMFedwfyLoSQESl5xOQjkIVXqzbKAbNmojtJiEx9iWvn7Lrx
NlNlbu0iAx5RsGY9bUMkr1wO56pyEK890kjDC8iXRQIo8m2iW84KfCbT2y2IfGU9
08JvhHSVr05eo5NyG6CmVNAyTjOyVLWpNnGCBurcsWZ/WXhLSA5FWG+wJvOE0Wh7
eIzDaZH+E4VbrohOTfw/oSlUwEtdpkUxE1lWkcY3a1O4T8Cu3GHi8QZq7KDtF2Yd
vpu7Y0a3B2NPazVNWvS5Ng0Ps5Z+2K3vCVJG8jZX1YpreyG7bqEO8bbhZpIGzDzB
L8ql4Uogaa4AHJ1ibgbB4QRgEPOpmvccGfbV2TZQcwtH630Tb08ocr1gtcMXnm1j
Et7s1a2+AyFrw2TGptK9+Lp1IVQ6GvvgeR2ThbPDVxOU/AGyHYlMhLONoUbiGKTo
D7BX0auAhpS62gVBvAu2AIIsEZ83YHLo/S61CnwWK/D1Qu3sXxHyxGvnc6phB0PO
g/KMBfrxGgNW/xEsg0MIHNmevOBAAP6C+Sb61XEZD9TruyEyVDzTQV8jCQD/jA/m
EWO8rqb19gnIfY7oUvs15TSafhuuOh7zHY3CR/G+kFAw6LgIdBm8nd3zqTKnF7IF
d7ab/nwnafZsGHPySTiYHFneSfxlxNcZk6oD8KlFNhRRu8MnGBBFCq97Pyj3v3Rl
1V7SW7NhU6t4cLqvT9KbwXVX9eHBYhCpWKKlMLVppX0HRXiYv6rL+r6V8tt/Jhlt
ITBoJy7Y1vYtYMQP5wGuaDT4Y1jSk/fFwOXd/nIwC9vJAGuSK76Sa0WkDR7GD0H6
k1vXmh1ltGEWAMCo7GJr/Z/rCFO/Mamp43Ybg26fcRpaEaK7+up3ISwp+86X4lPh
QZDZblwmNjSWDg//BwJgkVILXpM5OG0XPwfkLirGAaHPDuHyQnpC1qpFWp5XnDsM
8bB+ocr6yQlYhkgcnXC4RVO/I/jrKKgeShbttrN0/pYrAtv/Q+/6VYj58RBdRzsV
vDVLAtWLJTcDnlxZs/9JaHTXt+8GoGL0sPLNEbxLOyuGYLTsxHDfF9cQjuBv+1Pz
+/398wYa9eKictJBkkloZ8ZtpLvkrinMe7jySv8BAYriXDYC49fGtiZT+EY5Q275
FOE2IRVyUN10Gg325lPUMrGHOTUIkOe8b2YHIhsCUEftA27lfnBSGvN6+llLFCX0
vSKoJgTXWtGJjoIDAqD+neFm6RK1oN7dHPDGmCBMLGt1v6wMldt2byrMrJMXu3fk
Z9d/vcWrF75EBAKDVfHF37//bbS39eQHEbl4/am22ti5FMTjwb5yjOR/VQgv420S
fa9VWNre1To08hDJmPDJLDN0B1LY+X0yZqZsgkCco3bzXLWCBpW4TT3EXQCdZhvA
V8Wi0T6cAugkmEiIqS0C1GPJaF4ENgFdFppXtU+EJT8egST0pGFqTUYVAV3BDs/3
2bK+m+pLvibITBV83kIfFgOOLa8tpuTDNMH/EgOV0Ew8fZnBtLx/9jBSUgWLUbOQ
gnGbLgyHsgY1JeYAkokEVPt8EwKseDHkpo5UTi/8AiyT1lePdZcI8ueN5GMgnahj
PM04wzUkpUkgCr+YGjB5zt4LmA9/Rd3BuZ5pBjyozZrVu+VSvhu59l0H/Pfoqpep
+Iy47M7J6rr2teiuvQKGCWWWCu44W0Nf0KG+4PYcVuWJ685PaPVm3aQUDzEqBaXI
zZLV4FzWyBdL9ZGEpMAFnIo3OzOSBkJwU1HV8ZmpmAwS5lw5Vsvr6iTv96c+JUD1
7gdOePbIdaEPUsA3COJdWH0qU79j2ZXTQNQVP9VHzojiB+LcXowGWBBLf1S5J2PW
fKKbZKzbhe8TP35tRRdjIcOpPpvxSt8Tk8V77HCNHqBF/8XsRAToAng+0+41G2wx
N+5z+DM2N8mjQ2MozUCDUZFMcIzYmBT0M195StLucIm6vIAMRWccOPYTmlauzo0i
oVTJP9XXl1qO1VnCT7O28iGw0yRt3bJpSipa15qNMGRmbMCRtSkKz7ldtuweUk68
5o+ugmeYbWYqeYeDaJk+BmcecAXMc/+wtm+fRH1DgR0CJ7PU7nIcCMfFt2mNFt0n
OBTEmNmfO9pK7YI7NHJlYNZ3FcRQBcJ1MdwbmuD6AIv1kXTXYVWCAJlQwGgG+u5K
EpVYrUbWSvfP34XtFeZBnE+HwZ63evkpAMJ1YQZwJBG8WAk+sXox7ip+ah3tcAmi
U/5eMzbCGhcxxO+EMaW822SdfbhsiHYVwCqjLdY5kX5hGHLtSqBTvvEAEJQA2x0e
/q9zjY2qdydmV6PZKS9pjYk3N58FNfaFxTigcekQ24evaPt6B1r70/P4F2CM/dzR
9LBf2ydm2N+S9mposTW7LJ6U2ZvKXejLfX6jVI/jwwXkfP8fnIG/MmgjXnit2yiJ
YWNULjWzZ+RcrQbD3G4GOFMlZpuuUnc1sljzfHxqEQSpANw2/mjhlxMAEj1lMXXU
c0IAvRrpIPMecgcmPRyBVBwAlyyKMbV3MNKrx0WTTFBnyBKdzPgrF+hroq1UkBfE
EcYVgkHQxztIWVVePF3xJYw6yUXuv4CRj/xIgkZm/4k357Ux4pmlZx/cTZSzrdxG
i+ZPugAO+9aN6EbEohE6bz9kGEVDJ2T/boLVjaFfVeeCNk8/xpwSH7SNlKhwzsvu
wbhQOV470JqNg6uPWEAm4Wzw9X0qil/sQzmnmZhzzk/UuxMzZ59r0pQfUaMnY8W+
eJLGoCbR0c13EizHlzNOCtzS2HHriFqwdgAHZVbaYpxTaQ2/YyxUaIXunOLd+f9w
+lD5+vaO2FrRZTItg0GiCpKuAeasfUiThN1KwOj7xung3FiFmNhrYbbYYY2phKnY
YuHe8m4BigxFuwUibgU3NRa8eBI2j8OnPXeQsuze0YFcjpTb37yOypPa2w7Yag8p
JMZJTTFNT81bOd/9hG1PMVGZ+IDqxGAZCuyw6EoHpjumhzZjWLJhRaFjyMRRT1Ki
gjVN3gzRbpCh0K2RV1Hmf4FpxH8Cm94QMjJMOU/3sdVCkd0M8cQRncJVHevPPXvR
0w/gGFLSONZtHpDieYwEKSwUDKzfb/zaAW19DyPSzCs98nHU84GGumJT84WEd+vO
o6gSUE6x2f4eQvZzeWpOlzmjjLw5f+PukKLSkEJTnNDj7tJwXQCO9JlUhbHC1LdR
YJPO2WWgW0L7fG1anFG1wcanWlNtMYdE7kQcghJYRFXaGjiuBkxkMl3vUaiTikvY
TiMIJFqBmasCw5uK8d4FNN6jTu7hw1VLy/4loHTYECeAfdUStFHJtajfavAVXn5s
Ik1XxHpmvP3AD1nBU3XhuRpBvztFtSWuz9QBOVO9TmGbKjq3+IEx4vPVeeXIQcBS
yOOLmfCslOXM33gnmwVYmCUZZ7gmhnjkoQuys2cqy6BzDZwaGSF+J7xhCiM7exLI
aXrFFIgZF1nSN8pQFbMoS+aFV7umwn6kE55pDfYFWkbZO9jvTIPb83xX9sj47dl1
W455jafT0escG0Ch2aITlfiXM76sgHkUy+WuP2M3rn2mKJ8gZRAyWRe/pT2z60RD
uJXCk1s2/z0YjVnfTpiFdRtnA6r2YBI1kmw3BZ/1dU++mZsbASq8RhLOIgxqu+n+
Wchy5kIhje3HpvZcmJkOFzVzrz1v85ZxgykyPs8A9SezSLJtgfPrFPoW9r2ZOcXk
SDVbUh0OJPzcK1HywtysPzJdkugtcy+uS7phzPfRGXLBD0dEW7VHkPm3HgG70PYI
8L8tWnH/dEyrEsaROSB2wvyhO3++qSUX66EbWzKbxjLWM86++5655X+kxBJPjtlr
+nzyl78V+O8wYpFyKDMd4iOJDjNKEr2nYmI7Ic01arJ7lcNemb5zR21tVh4tWu5G
lLwwKZZ3gjzE0/pjGnudPbgXKUMZh/tdcpD41ZNQfBK7Vfjy1LSE6xG1O8YZIOdn
U4Il9vLOf0HunSpFeobCXCoZQirsSmefwSntAACz+QwQlh5KY5jFlSvNijPPD/cV
z9HpkjiS+EHjd3FrLEpkKK7j4MagjWfR2RdzVzTdl4Yv0CI/l1K6Z8EFgzbpdHEs
0o9t1lRTANwKwduBkLkDpL4GDF+TbJhX9ivsKtKFrmRi0jKiqFzBnxdRsYa1c/jt
54gTNC2P/JaBVTfj8XGGbgDLPEvjYmZ3PP1dE47m2fjy/ULgaDDfzf8HwQQFu7OX
8uvk0Eu6h+zcb+5D7wWLzCEEzus+Crejcr8hLWP7UB4C5Be5B/NHKvG9i1xg1Vzp
3waSSZplKSrdH+FdME/dZ6LrQ8QtZjXQ5lscgGo2MTmVE4AWb8emfdgTc35Vd5Nb
IuCSdeeMWmaFqJzU+cnscHFVm3Tp9FyKbBdQJOPE3HhyPJvjr85J/vu91tOuuSP3
6x3+mrBCk+A3kEDXrjb9FuWy4RvSQ0B8ROuBkT0vgKB7h4OOFop4D1cwj+mS+pc7
qCXnUTsvaT20xQZjoioq85T6Pz79MXczPRHj4aR673NPCLWmVNdS2x4kA4YlUviQ
D/jZSe6iO5LEyNXzLEF2WZ9YHnrPei9XZmTZzo6e6TlqkN0vQhzc/OWh/UB4Dz9j
/4YDlbvwmJlaO/7Omwsqk1K6RZRy5YXeoN3cHiUPiABWwZLTHOcIa7vw4VTql+7/
0Eta0tLy1mWw6xhW6sh1M241GQqJRBpsdJVZJSn8D/Jh4ERsumhfcFgR0yLi63Vp
wdn6ZIenTa/JIBGrFrVv2Uc6LGhXvv36zaaEXAm5g7YxlGYhEIMk0WMejwMEk9VH
J8TL6X+BmNjSlKGOCslKQPzpFZNW7M0ZovE/h51uK/ZnAqElZbLFMm98WjEld9+h
CeDvoHY1r8hPU89WFEoduCvDvmNF1gzBcyjpSC/NSiqRW0TVyauH/+n/Qjpm99ny
59ctwnlJ8RPKrUg4LY/fIcQVu3knnc6qtzvCoCgqzfgNa7TrltU9VgyAmQYl/swZ
zlqw8wXw09F1yArP3DcM5DV2zAoUXnFEl/OEyy5T7x+5NexxBKapf8VmMEws18y3
ChKjg/x/8UEVuqinq07oKmEY7JtMRf9CY92KGEtaColmMWO0SvSqMcodBlMbilTO
EYC9wN44UANellbF2+RXwRS6a56i7TnYzaasqFKiDk+efkN91uwkwmlBdieh/eal
XQ2JSs+Mq7hGsM9zDy0fbQwZAkh0kir8ear9iwSK84H5A8H1t4+6ADYNMbK7sPvM
v7HZxXWYp3Lm2F3D63jh2fESJ6j2wiYD4rWDdA4UhwsmNSJb/oSWjjNu11LmsGcE
m6kuo8H9e8vR1+79T86IojOMHQVmLWYW2W8IWMS3L54eUOcBglV2cFb98B0AqkmY
AmRIWyAYa5edzkfcI+cSZ6KIyoDIbiJ2e0kblDsEf5THZKmLvcj4/u94o/CJYvMy
AMBlRWM+N8CCkgXYJCGJFnAcMNAM4zbARfNa55RXtDY1FUplfnQEZ3pRPWvpWB2v
l3qliyVDmTsumc95sADvVUNd0j0tvVojGvAY+fRW2/A17CMtZqMvHAqmAwbwXO+h
v12MQE530PQy57vg4+3l6RGsvaACXi68+KT7LPW+hyerYUFkR/hGSYPfMc1iRKon
N26Bp70BDtkRSNbjuUe3ffBjENZJmyG7gK7S/nxR3jB9n36ZrCRqfp6XUcnXKn7V
dRaahFbMAEh1MmWEY79Fx9u5WoMLMie99F2joN7xcKcAj0HicRHTOin4yLg3sU3G
m6BtMEtj17PVVT6l7HJImQby6eNv8M1iWMuh7bISIueTGT+gRo0gW+gx0sNORG9r
356kTa1nIqOy1q58pcuE4KctoFfOTa0Nhz4jaRoxaIWuh0Zv7Sbb53rXuQUyVlJL
0c0Mfacquastwxf1go0vjnrWV2swNOytntbVaHpmS90/qinwVsVF3OUFJJyP79Wy
tjnnpuD/KXxkPTQ9OpuRcMWG9DqNdUdIHTGvRcufgPUZJMXGGk8Ql9O5QtIXwxLy
5i8GCtK3nVc5LftSxI8r8/j0lT/LGp4B0Ia4cX3LVPzCHJ5BQKS5EGvLaewdrNO7
SLI9KBue5TkJsUVAZWE9EuciVv4+HEfp8yYdHNbRIgZI6GdlHS/2RM9S2Z3but38
KKS9vaXi+ti30arimreNzM0qgLF0jG4Qakav1CVbXDuxDIAlBBZrlale4rNs4Eyz
ewVJyIUb6FNcN+lvpZ//57tTr81zaLQvGYyP/lKdtropXwc7PjDGzHvnt5ttIoZ2
ZEcHKLgBTM1Qn21LV8j0YtQsjV2xe08P9BM9sLdTkG20bbpDW5e2Lv+YHJi+z8kK
Bk85k9lTvA4xFEd12UvheRB5bjuubAzHxEISImCDCuzqE0WB2UXAtWi/6N55DNGR
8qgtYdqQIv93UaI/OJui3SpVBXuS3tWkzZRlNBL+j7Qro/FnHG4Oe1MhCQn10+Vb
V/SmzL2E3lmhMhV3Jd/y15ZNIBugpBOVcN+9nCvaKqyDkGkupdhl5d8d/Aio+HVI
SfzE7xtTpB4Qjh1hyDCSIOXbTvm88XnW6xRW2+q1VhMq/sxEzhOfjNHqIvz1jkMq
QIoN+UpWaiVBqNsSJqw66hTD4iDcO66TX2OZTYaZjdB8j4jqtcEfavPJpaQYJvVe
+8K02x6kbXSghYS7sEujciX2C1UEM/gC6WWSNsW5IuOXKaCErnRqfatWxtSxpf1K
Q7NGQQ6qmXy6W4JlYf96bSqQpL5yDH3lDu4U1YenFdDoSPdZ2ohIbDZtzIgge9Dt
UA1O+ceznsXcZ5nPOuwSce+/BSomcvGZjkz1yD9lsUXE+UXiVcfa6d0apsqrgkUU
bCHhXpRTqPBR4lqvEGILHroZLwotcP4wFKdB6TChVi9zxZkkSgqIpav7U+YDHkJc
Jqvzj/xtLYeac3rdWO2XUHdFQODCQxsZ48+kaw+x+vsGfgIiKVub+m91TSaK6Ill
6CIFFvGqsssy4Jhufix0SiQ7GiS023//2tyfRNb50UcOBnSCL8cs4E27TMbED6O4
BacvyUy9wu5WDxYlJTo65mdZbMZ/0Ze2VVoFE3m+FrjatqQHpnk+nfymYSyQNP1d
CuSXaQFRl5u7A8kBohDdUnik2Jguq4Oam11U+z8AoeDmSkzfZfWmQ26azMPZDTgJ
BiozcYcneM5dkYM3rEqTT/amRvWudbwhNIVgUMqJi+D+dnVx9Uu/ZBDfts0w+XBG
5dV9W1oG8M9HYLwHcYzsYG8UKg9Jiaf6TFwR30uIk7U4GSPdtgqiY5Sf74l7Dvq5
q8kbXf/X4FnqLTTiX1aeJNX79Em/UEjPgGiKS+5pZxYthQDjkkEQu9AHKfs35D9O
NVskbn3EdSydGEmcVItZW2eNg/ptdWwW/GPRUTzpsFA97B3MgtKa77zllaZBCdA7
rFu91Oaksofb4bawGE+rFYEBtd7CLK8/ZBlKg/aRUyr3opvRPSlpzIUPRtd2LiWK
gvvAnNyJ7kxCmVIzoBwhnVW7NKUR6D1mvSfRM9Y61JpEP22+XKL/uQ3E/v5E/ZRb
ZAifdBHPKJPULW1yY5bYcZQFgtBzsVWpGSOkpD4MdhfgOj4pZo4RvdefWDKHEY+C
ai8+bSXb9AtwWkh/ZnIeVB5TuR2xDEwswZv9IfjHNXjZt0C8/SEfA7eAfOdzwBpc
IxLVbgUG8vwcwjx+NazoZLZyEdjHad0LzzH6g6oqzD+6zgcgmhldrnbCK8esxJGN
/7LLYe4algJhqCPbh8luOPXcs38fvBP/+z0psLgU0qSpv3GBWREB21ZpUcOBnqoI
8thYzWqtEGv19W3l1wJkRQze4ZwkSIJJyhT5ANMK0DNd0spdchpVw9nQWtFxVOVn
gKtDwcbny0660XXk54IJO9zmSlwcwXcqC87tIQSjZBTwbG5khHuXtaLzwHmmmNwd
nYLVn1j9D9/wBNOXH/BcbEtkdZbya5+3+VrIJuSzp7J9RyNxayifmHka8g2D0gzL
Dhb0drunCyMouG5aooRa8gBNTsGAbLpusplsQ3lOOceliNlh4I0F146HrYemHRtd
rkNlMLPIBBaxvJ/cAAxKHNk6S+6q4ds1PWep4QDpbspc/FIZ2kWMJH0CeBEjI+wh
UlNUmO1HVNmuv84SVdGK0OvSKe7IW7uBeT4IKiZJ9gPWltHxcZy2XsNSYM+x6F+q
WQO/eKwSStVTSrUR2BziMBByP4lik+62mfFdjXuRvm1FPUYihjY09ztKAPNaqfeM
w7Gk4mBRuLaPi3SWI3qu2+fOVnfxQ2ww+T45AGsOkpNTP1TRvzRg5qnCBln+k+96
vlNykYj7h8Pr4ai9KjPmz7cTazdI1SImApoue+IEDK3PRm5GQeo2mzibI1n5xMjT
Puq+PfuP+aY2uer+TlQH445uM0PBLVXf1zdjBFmCydGGp4TB0ZiNTaIFmiDa7X4R
uVXTLlbvEe5MNaOSP4h5S4qwZG0sVW1UsrcO7cMek23dWkoLVXX9k/2oADMEQI0O
qRJjVZdGge1OPa5WVDa1Cz4ISTrXZUhZAU2h3wWL2Mk/uBFfWJusopGR5ZDAx9y3
WbixmcvhsCKTVmLeUuyk9cgVN3PrB2LBvoHmtAd6/fmNUj/bDVKoY6DIykvFyI7u
RkbSUYaFhID7r/9GAf0fS77ADp0Wz5dvNi4nNxa9z7CzBUdUO/wtKl+bcKPXvOTf
u7FcX1E7//4GgZoJHZHmSOiNQz9+9qO8O4iYBVbDwwofPNcxTZkD7trx3kc75B4X
JE/Py5vNS/jAC9KHZHdFpUe123QXhhobflH+4MbVdO6OXxDEN48JjykG4Vi83gbV
Az8rZxyqFWlY58Cx5KB1MMIzGxYOHjwK7UobftYRZRA5Vo3cQAXTeOG2Vm3a78XI
PsBM7whGjxsHEK2xjqCzGJqRWqh9lppYSupOau/WZYBTtFV7nd+OcGxpbEBlg94u
L94IPyTxfjoDF0QTkOvbgDaVVxg2RjzNUepw4slbbTSklIy5AnRaskVVsH4Phftw
oKql+K8aZpaYTig1KYyfY9KRPp4OcsF9YMWCOjR4AUf1+ZfYBIElVukSaHDSowY7
GCtKGwmv8JKzHhlSyhQOz7kvv9dO6SnrAnmkQEaFRwtp5c+8bjk9kVnDC4NmcvWD
bEJd074kTYq4dVLNqbKzPyC7m5QOWU61eSF0bLrG54VAAGicRUQYx85tcBPenXTA
u7O/5XkBMNSPDFMObDS34KIdPALxYEgSJ7GRT2xz6VKcQTzBvQGWR4NWUAJ/h3Fs
sjEvR9D6SR+VZvLJ2c7pKZPd4R7JvMgTo3r/7i/VcwAdOqmTzX/mWVqP9jQV6XJZ
OOZeF8uzrZn+4FP/7tlGn9/MedJTw2VuW55tjRHgy2qgXEr6zTcYufnio5VuEfrI
/Zlh1avi0Ob2FQ6WBoMwINotDQSy8ny3Ot8DpF22i9G7066NMJG3o/71Sd0YkMwr
2mx83TamFcIi5Gf7izMFFqi8Jszd+mA5c7LqkdfYusnDFQjEbkxqAMU6/KXd2IX6
ZTW3KnUhUSpTbDuHwR3T4RXSuFRXDv7ykXVirqstJGptU+4bqFJb6g9mxvFyoLNk
eg5/6El7Q4XXGH1UwN9Hub7gjigtkMel2UnKJMwrFP9n2RVwj0T9ojNd2DSE0fCP
IXJVaeQLof4bIFbihbhFS0/ZGcqNYhlBN7/mljWvVWBsTJowBWbYpb/wFF3whHvI
kAXh8jEg2dXFn+rEGNppGPSO5DYuVErqb4qkXBgKgVqCNnHj4NX1CMGmBO00Tpl2
9iKllU+d19cDw0soR4TBq2bPNuqeXC7xNe5QI73HnsmBFElwG0WcKrrvJByIUp38
VF+wOf22ws8DGxRLSlAFJ5k1vB7lMV3XEtdgNOt2lDZyAYIh0RZBfdmffn9nbjVc
4jGJEBU7orstpHH+Ib5jb/0M1Rttt9qNrhuTPMvAyJm++c4Orfv/BcLrKUemfJ+1
/0u2wTZkw/1j/tnVZmdK/+lL7bcJkdHHNPM0YbWKU8rKq+HP2AHijp2fuzyDsiDO
+8kp+MCwaFe99eY9By5bnjOtRCHATRMRDsw+qcmh6WUOeA7Yk6FVS0YJz3FwrWwu
f22oJ/fKoIrie4ib00oX0GUScsK70IRUlBx9xHtVwZUP3awtwDuth9n8wQBwqS/w
/6JO0wHZJMPujxrlvTFbqKvp2i5/0nULXRlQRC1C1zDiwvRocwGwuinuHHvL/RIJ
RsuCk26Ymjq7RvNov43u9hXaGH6IPCPcAvw1tC+yw6s6r+wvstn3y7RezxpK7/HA
eIj2K2ijnsL2fCnBkINTMKeceq3ah2gNY+fMvaHeqZqzJFzJ+01KxeBn93i9kdbW
oi4jdPJfLaiJSilJzymgdurZqsseqy5qA6ln4tFreZ/UGhCbdk6Z9X9xVpAppQzN
SYpor/UBjNal3TIpFxfQLDXQozHoimcb7X0c5XbLMHQ0B01PEFknWp1jKR80WRFp
n5Y7QoMCqWrUduAeoPpfRgIGxrrQUG3KYnqL/PY8vYfX31qjaMOr5sne1ppSiEwX
SRJiuSypr2fPhaQ6hkeUzzmt1TRuGENWYVrqWOWJ+Vrp7pLMsnLfMzplkpxxASh4
TULktaqMkcJN61WkFhNNSXw4X9ves8cdCFHqpXmwFxwbVgTnsBRIlC3FqrTNLReJ
JAFtdlkKl7JL3Ts5SNnPpVrICtO9tCOc+BiVFuUjla9mhum6KsA/HKainTsszLE6
Ic75FvyD0WtC/shGorQe1L+Dj7BIPLAdew3hiRieF3pyFS42lPy0o/0mWG8g1rro
SSGku+YoZqLZIi40gC4nl1wTvDISfkDVA84stMYhE6nOxmqcuj37MB7j2U+oht4D
L688zXHBK1otKojtfi4NIWSssqYKFQ2YQLyqjWbV6hmcGU737kKwbE4HqCg8JmMT
vEmtxaWal6YhUov6QU6G0scN1VnYyqycAAFHL1X6+nI20G89O/dFpi2SG/s7u4wU
kJbtOtkYtiZa1oEioT+e4aZcPwO1BDO6rx2CSFwp2l6m28tiA5+D09ec8ZaA+fyI
7+nKFYBEVchyM+jiMx94TSt0BE4A0ZwwKIQfBvxUu0k5le6JdpSLOgiixC0Ur2VU
he7OCxLGcRuV7GBtIkZy2UUxpxAkDarKqacuRYp9pDfNZs+6DKxrAoEDqE+XGvPH
Y02JSFZSIMf693vaaxY6OH425EoxkTkRYddUZrol1heWtH1CClf1Bw/QElBIGmg1
v/SNRd6Gxoa1I35iyHxTSFTw1SFTEtciaFatXOjhrWdMLldut2URB1VsJWEVKB0C
74b2MIuHeu/36nfjNkkbc5XKYPRNAujKQRsibE8zh7KiZynuruECQg0Micu0Od9T
Zy+F7lwe5WNVR+kq9fWsTL1St52fc9kgjWX2ubfGJmoFYesy4xp6uAQifvpUt5Is
iIkYW6dxb1+yF4uZzfqRaNZ3UAwpLKxqWLPZg0TSjPhb6Suj7mvzabfAOPyFQ4av
xayyLst5uHW3ZlQ95c9g+EckNbIg6Sflx42nADaAOFASDR4uzDgpNl+eTi4yp6aN
FIwaFjyyiKeLUQ6tyMQW84zM2ZM0fR4B/7UMta5KeHCCf7c1MCk1dBtvkndU4T95
emYIhqJWM1MI9wxD8XHpY1pKMzdPKFTOXokYlbgwoM41/LQ8W6BG7WCh8qu91o2d
